{"numFailedTestSuites":4,"numFailedTests":10,"numPassedTestSuites":3,"numPassedTests":37,"numPendingTestSuites":0,"numPendingTests":0,"numRuntimeErrorTestSuites":0,"numTodoTests":0,"numTotalTestSuites":7,"numTotalTests":47,"openHandles":[],"snapshot":{"added":0,"didUpdate":false,"failure":false,"filesAdded":0,"filesRemoved":0,"filesRemovedList":[],"filesUnmatched":0,"filesUpdated":0,"matched":0,"total":0,"unchecked":0,"uncheckedKeysByFile":[],"unmatched":0,"updated":0},"startTime":1746770485733,"success":false,"testResults":[{"assertionResults":[{"ancestorTitles":["/api/generate-ics/route.ts"],"duration":16,"failureDetails":[],"failureMessages":[],"fullName":"/api/generate-ics/route.ts eventパラメータがない場合は400","invocations":1,"location":null,"numPassingAsserts":1,"retryReasons":[],"status":"passed","title":"eventパラメータがない場合は400"},{"ancestorTitles":["/api/generate-ics/route.ts"],"duration":4,"failureDetails":[],"failureMessages":[],"fullName":"/api/generate-ics/route.ts イベントが存在しない場合は404","invocations":1,"location":null,"numPassingAsserts":1,"retryReasons":[],"status":"passed","title":"イベントが存在しない場合は404"},{"ancestorTitles":["/api/generate-ics/route.ts"],"duration":4,"failureDetails":[],"failureMessages":[],"fullName":"/api/generate-ics/route.ts 確定日程がない場合は400","invocations":1,"location":null,"numPassingAsserts":1,"retryReasons":[],"status":"passed","title":"確定日程がない場合は400"},{"ancestorTitles":["/api/generate-ics/route.ts"],"duration":2,"failureDetails":[],"failureMessages":[],"fullName":"/api/generate-ics/route.ts 日程情報が取得できない場合は404","invocations":1,"location":null,"numPassingAsserts":1,"retryReasons":[],"status":"passed","title":"日程情報が取得できない場合は404"},{"ancestorTitles":["/api/generate-ics/route.ts"],"duration":5,"failureDetails":[],"failureMessages":[],"fullName":"/api/generate-ics/route.ts 正常に.icsファイルが生成される","invocations":1,"location":null,"numPassingAsserts":5,"retryReasons":[],"status":"passed","title":"正常に.icsファイルが生成される"},{"ancestorTitles":["generateGoogleCalendarUrl"],"duration":5,"failureDetails":[],"failureMessages":[],"fullName":"generateGoogleCalendarUrl 正しいGoogleカレンダーURLが生成される","invocations":1,"location":null,"numPassingAsserts":5,"retryReasons":[],"status":"passed","title":"正しいGoogleカレンダーURLが生成される"},{"ancestorTitles":["generateGoogleCalendarUrl"],"duration":2,"failureDetails":[],"failureMessages":[],"fullName":"generateGoogleCalendarUrl 日本語や特殊文字もURLエンコードされる","invocations":1,"location":null,"numPassingAsserts":4,"retryReasons":[],"status":"passed","title":"日本語や特殊文字もURLエンコードされる"},{"ancestorTitles":["generateGoogleCalendarUrl"],"duration":1,"failureDetails":[],"failureMessages":[],"fullName":"generateGoogleCalendarUrl 省略パラメータも問題なく生成される","invocations":1,"location":null,"numPassingAsserts":2,"retryReasons":[],"status":"passed","title":"省略パラメータも問題なく生成される"}],"endTime":1746770488637,"message":"","name":"/home/takemasa32/programs/multi-schedule-app/src/lib/__tests__/calendar.test.ts","startTime":1746770487065,"status":"passed","summary":""},{"assertionResults":[{"ancestorTitles":["createEvent"],"duration":20,"failureDetails":[],"failureMessages":[],"fullName":"createEvent 正常な入力でイベントが作成される","invocations":1,"location":null,"numPassingAsserts":4,"retryReasons":[],"status":"passed","title":"正常な入力でイベントが作成される"},{"ancestorTitles":["createEvent"],"duration":106,"failureDetails":[],"failureMessages":[],"fullName":"createEvent タイトル未入力時はバリデーションエラー","invocations":1,"location":null,"numPassingAsserts":1,"retryReasons":[],"status":"passed","title":"タイトル未入力時はバリデーションエラー"},{"ancestorTitles":["createEvent"],"duration":5,"failureDetails":[],"failureMessages":[],"fullName":"createEvent 候補日程未入力時はバリデーションエラー","invocations":1,"location":null,"numPassingAsserts":1,"retryReasons":[],"status":"passed","title":"候補日程未入力時はバリデーションエラー"},{"ancestorTitles":["createEvent"],"duration":8,"failureDetails":[{"matcherResult":{"actual":true,"expected":false,"message":"\u001b[2mexpect(\u001b[22m\u001b[31mreceived\u001b[39m\u001b[2m).\u001b[22mtoBe\u001b[2m(\u001b[22m\u001b[32mexpected\u001b[39m\u001b[2m) // Object.is equality\u001b[22m\n\nExpected: \u001b[32mfalse\u001b[39m\nReceived: \u001b[31mtrue\u001b[39m","name":"toBe","pass":false}}],"failureMessages":["Error: \u001b[2mexpect(\u001b[22m\u001b[31mreceived\u001b[39m\u001b[2m).\u001b[22mtoBe\u001b[2m(\u001b[22m\u001b[32mexpected\u001b[39m\u001b[2m) // Object.is equality\u001b[22m\n\nExpected: \u001b[32mfalse\u001b[39m\nReceived: \u001b[31mtrue\u001b[39m\n    at Object.toBe (/home/takemasa32/programs/multi-schedule-app/src/lib/__tests__/actions.test.ts:121:28)\n    at processTicksAndRejections (node:internal/process/task_queues:105:5)"],"fullName":"createEvent DBエラー時はエラーメッセージが返る","invocations":1,"location":null,"numPassingAsserts":0,"retryReasons":[],"status":"failed","title":"DBエラー時はエラーメッセージが返る"},{"ancestorTitles":["submitAvailability"],"duration":8,"failureDetails":[],"failureMessages":[],"fullName":"submitAvailability 正常な入力で回答が保存される","invocations":1,"location":null,"numPassingAsserts":2,"retryReasons":[],"status":"passed","title":"正常な入力で回答が保存される"},{"ancestorTitles":["submitAvailability"],"duration":2,"failureDetails":[],"failureMessages":[],"fullName":"submitAvailability 必須項目未入力時はエラー","invocations":1,"location":null,"numPassingAsserts":2,"retryReasons":[],"status":"passed","title":"必須項目未入力時はエラー"},{"ancestorTitles":["submitAvailability"],"duration":4,"failureDetails":[{"matcherResult":{"actual":true,"expected":false,"message":"\u001b[2mexpect(\u001b[22m\u001b[31mreceived\u001b[39m\u001b[2m).\u001b[22mtoBe\u001b[2m(\u001b[22m\u001b[32mexpected\u001b[39m\u001b[2m) // Object.is equality\u001b[22m\n\nExpected: \u001b[32mfalse\u001b[39m\nReceived: \u001b[31mtrue\u001b[39m","name":"toBe","pass":false}}],"failureMessages":["Error: \u001b[2mexpect(\u001b[22m\u001b[31mreceived\u001b[39m\u001b[2m).\u001b[22mtoBe\u001b[2m(\u001b[22m\u001b[32mexpected\u001b[39m\u001b[2m) // Object.is equality\u001b[22m\n\nExpected: \u001b[32mfalse\u001b[39m\nReceived: \u001b[31mtrue\u001b[39m\n    at Object.toBe (/home/takemasa32/programs/multi-schedule-app/src/lib/__tests__/actions.test.ts:204:28)\n    at processTicksAndRejections (node:internal/process/task_queues:105:5)"],"fullName":"submitAvailability イベントが存在しない場合はエラー","invocations":1,"location":null,"numPassingAsserts":0,"retryReasons":[],"status":"failed","title":"イベントが存在しない場合はエラー"},{"ancestorTitles":["submitAvailability"],"duration":5,"failureDetails":[],"failureMessages":[],"fullName":"submitAvailability 回答が1件もない場合はエラー","invocations":1,"location":null,"numPassingAsserts":2,"retryReasons":[],"status":"passed","title":"回答が1件もない場合はエラー"},{"ancestorTitles":["submitAvailability"],"duration":3,"failureDetails":[],"failureMessages":[],"fullName":"submitAvailability 既存参加者の上書き保存ができる","invocations":1,"location":null,"numPassingAsserts":2,"retryReasons":[],"status":"passed","title":"既存参加者の上書き保存ができる"},{"ancestorTitles":["submitAvailability"],"duration":3,"failureDetails":[],"failureMessages":[],"fullName":"submitAvailability submitAvailability: 正常な入力で回答が保存される","invocations":1,"location":null,"numPassingAsserts":2,"retryReasons":[],"status":"passed","title":"submitAvailability: 正常な入力で回答が保存される"},{"ancestorTitles":["finalizeEvent"],"duration":2,"failureDetails":[],"failureMessages":[],"fullName":"finalizeEvent 必須パラメータ不足時はエラー","invocations":1,"location":null,"numPassingAsserts":2,"retryReasons":[],"status":"passed","title":"必須パラメータ不足時はエラー"},{"ancestorTitles":["finalizeEvent"],"duration":3,"failureDetails":[],"failureMessages":[],"fullName":"finalizeEvent イベントが存在しない場合はエラー","invocations":1,"location":null,"numPassingAsserts":2,"retryReasons":[],"status":"passed","title":"イベントが存在しない場合はエラー"},{"ancestorTitles":["finalizeEvent"],"duration":2,"failureDetails":[],"failureMessages":[],"fullName":"finalizeEvent 日程が不正な場合はエラー","invocations":1,"location":null,"numPassingAsserts":2,"retryReasons":[],"status":"passed","title":"日程が不正な場合はエラー"},{"ancestorTitles":["finalizeEvent"],"duration":2,"failureDetails":[],"failureMessages":[],"fullName":"finalizeEvent DBエラー時はエラーメッセージが返る","invocations":1,"location":null,"numPassingAsserts":2,"retryReasons":[],"status":"passed","title":"DBエラー時はエラーメッセージが返る"},{"ancestorTitles":["finalizeEvent"],"duration":2,"failureDetails":[{"matcherResult":{"actual":false,"expected":true,"message":"\u001b[2mexpect(\u001b[22m\u001b[31mreceived\u001b[39m\u001b[2m).\u001b[22mtoBe\u001b[2m(\u001b[22m\u001b[32mexpected\u001b[39m\u001b[2m) // Object.is equality\u001b[22m\n\nExpected: \u001b[32mtrue\u001b[39m\nReceived: \u001b[31mfalse\u001b[39m","name":"toBe","pass":false}}],"failureMessages":["Error: \u001b[2mexpect(\u001b[22m\u001b[31mreceived\u001b[39m\u001b[2m).\u001b[22mtoBe\u001b[2m(\u001b[22m\u001b[32mexpected\u001b[39m\u001b[2m) // Object.is equality\u001b[22m\n\nExpected: \u001b[32mtrue\u001b[39m\nReceived: \u001b[31mfalse\u001b[39m\n    at Object.toBe (/home/takemasa32/programs/multi-schedule-app/src/lib/__tests__/actions.test.ts:413:28)\n    at processTicksAndRejections (node:internal/process/task_queues:105:5)"],"fullName":"finalizeEvent 正常な入力で日程が確定できる","invocations":1,"location":null,"numPassingAsserts":0,"retryReasons":[],"status":"failed","title":"正常な入力で日程が確定できる"},{"ancestorTitles":["finalizeEvent"],"duration":2,"failureDetails":[{"matcherResult":{"actual":false,"expected":true,"message":"\u001b[2mexpect(\u001b[22m\u001b[31mreceived\u001b[39m\u001b[2m).\u001b[22mtoBe\u001b[2m(\u001b[22m\u001b[32mexpected\u001b[39m\u001b[2m) // Object.is equality\u001b[22m\n\nExpected: \u001b[32mtrue\u001b[39m\nReceived: \u001b[31mfalse\u001b[39m","name":"toBe","pass":false}}],"failureMessages":["Error: \u001b[2mexpect(\u001b[22m\u001b[31mreceived\u001b[39m\u001b[2m).\u001b[22mtoBe\u001b[2m(\u001b[22m\u001b[32mexpected\u001b[39m\u001b[2m) // Object.is equality\u001b[22m\n\nExpected: \u001b[32mtrue\u001b[39m\nReceived: \u001b[31mfalse\u001b[39m\n    at Object.toBe (/home/takemasa32/programs/multi-schedule-app/src/lib/__tests__/actions.test.ts:441:28)\n    at processTicksAndRejections (node:internal/process/task_queues:105:5)"],"fullName":"finalizeEvent finalizeEvent: 正常な入力で日程が確定できる","invocations":1,"location":null,"numPassingAsserts":0,"retryReasons":[],"status":"failed","title":"finalizeEvent: 正常な入力で日程が確定できる"},{"ancestorTitles":["Server Actions"],"duration":1,"failureDetails":[],"failureMessages":[],"fullName":"Server Actions createEvent: 正常な入力でイベントが作成される","invocations":1,"location":null,"numPassingAsserts":0,"retryReasons":[],"status":"passed","title":"createEvent: 正常な入力でイベントが作成される"},{"ancestorTitles":["Server Actions"],"duration":0,"failureDetails":[],"failureMessages":[],"fullName":"Server Actions submitAvailability: 正常な入力で回答が保存される","invocations":1,"location":null,"numPassingAsserts":0,"retryReasons":[],"status":"passed","title":"submitAvailability: 正常な入力で回答が保存される"},{"ancestorTitles":["Server Actions"],"duration":0,"failureDetails":[],"failureMessages":[],"fullName":"Server Actions finalizeEvent: 管理トークン一致時のみ確定できる","invocations":1,"location":null,"numPassingAsserts":0,"retryReasons":[],"status":"passed","title":"finalizeEvent: 管理トークン一致時のみ確定できる"}],"endTime":1746770489003,"message":"\u001b[1m\u001b[31m  \u001b[1m● \u001b[22m\u001b[1mcreateEvent › DBエラー時はエラーメッセージが返る\u001b[39m\u001b[22m\n\n    \u001b[2mexpect(\u001b[22m\u001b[31mreceived\u001b[39m\u001b[2m).\u001b[22mtoBe\u001b[2m(\u001b[22m\u001b[32mexpected\u001b[39m\u001b[2m) // Object.is equality\u001b[22m\n\n    Expected: \u001b[32mfalse\u001b[39m\n    Received: \u001b[31mtrue\u001b[39m\n\u001b[2m\u001b[22m\n\u001b[2m    \u001b[0m \u001b[90m 119 |\u001b[39m       result \u001b[33m=\u001b[39m { success\u001b[33m:\u001b[39m \u001b[36mfalse\u001b[39m\u001b[33m,\u001b[39m message\u001b[33m:\u001b[39m e \u001b[36minstanceof\u001b[39m \u001b[33mError\u001b[39m \u001b[33m?\u001b[39m e\u001b[33m.\u001b[39mmessage \u001b[33m:\u001b[39m \u001b[33mString\u001b[39m(e) }\u001b[33m;\u001b[39m\u001b[22m\n\u001b[2m     \u001b[90m 120 |\u001b[39m     }\u001b[22m\n\u001b[2m    \u001b[31m\u001b[1m>\u001b[22m\u001b[2m\u001b[39m\u001b[90m 121 |\u001b[39m     expect(result\u001b[33m.\u001b[39msuccess)\u001b[33m.\u001b[39mtoBe(\u001b[36mfalse\u001b[39m)\u001b[33m;\u001b[39m\u001b[22m\n\u001b[2m     \u001b[90m     |\u001b[39m                            \u001b[31m\u001b[1m^\u001b[22m\u001b[2m\u001b[39m\u001b[22m\n\u001b[2m     \u001b[90m 122 |\u001b[39m     \u001b[90m// 実装の返却値に合わせて修正\u001b[39m\u001b[22m\n\u001b[2m     \u001b[90m 123 |\u001b[39m     expect(result\u001b[33m.\u001b[39mmessage)\u001b[33m.\u001b[39mtoMatch(\u001b[35m/DBエラー/\u001b[39m)\u001b[33m;\u001b[39m\u001b[22m\n\u001b[2m     \u001b[90m 124 |\u001b[39m   })\u001b[33m;\u001b[39m\u001b[0m\u001b[22m\n\u001b[2m\u001b[22m\n\u001b[2m      \u001b[2mat Object.toBe (\u001b[22m\u001b[2m\u001b[0m\u001b[36msrc/lib/__tests__/actions.test.ts\u001b[39m\u001b[0m\u001b[2m:121:28)\u001b[22m\u001b[2m\u001b[22m\n\n\u001b[1m\u001b[31m  \u001b[1m● \u001b[22m\u001b[1msubmitAvailability › イベントが存在しない場合はエラー\u001b[39m\u001b[22m\n\n    \u001b[2mexpect(\u001b[22m\u001b[31mreceived\u001b[39m\u001b[2m).\u001b[22mtoBe\u001b[2m(\u001b[22m\u001b[32mexpected\u001b[39m\u001b[2m) // Object.is equality\u001b[22m\n\n    Expected: \u001b[32mfalse\u001b[39m\n    Received: \u001b[31mtrue\u001b[39m\n\u001b[2m\u001b[22m\n\u001b[2m    \u001b[0m \u001b[90m 202 |\u001b[39m     \u001b[90m// submitAvailabilityはイベントが見つからない場合success: falseを返す\u001b[39m\u001b[22m\n\u001b[2m     \u001b[90m 203 |\u001b[39m     \u001b[36mconst\u001b[39m result \u001b[33m=\u001b[39m \u001b[36mawait\u001b[39m submitAvailability(formData)\u001b[33m;\u001b[39m\u001b[22m\n\u001b[2m    \u001b[31m\u001b[1m>\u001b[22m\u001b[2m\u001b[39m\u001b[90m 204 |\u001b[39m     expect(result\u001b[33m.\u001b[39msuccess)\u001b[33m.\u001b[39mtoBe(\u001b[36mfalse\u001b[39m)\u001b[33m;\u001b[39m\u001b[22m\n\u001b[2m     \u001b[90m     |\u001b[39m                            \u001b[31m\u001b[1m^\u001b[22m\u001b[2m\u001b[39m\u001b[22m\n\u001b[2m     \u001b[90m 205 |\u001b[39m     expect(result\u001b[33m.\u001b[39mmessage)\u001b[33m.\u001b[39mtoMatch(\u001b[35m/イベントが見つかりません/\u001b[39m)\u001b[33m;\u001b[39m\u001b[22m\n\u001b[2m     \u001b[90m 206 |\u001b[39m   })\u001b[33m;\u001b[39m\u001b[22m\n\u001b[2m     \u001b[90m 207 |\u001b[39m\u001b[0m\u001b[22m\n\u001b[2m\u001b[22m\n\u001b[2m      \u001b[2mat Object.toBe (\u001b[22m\u001b[2m\u001b[0m\u001b[36msrc/lib/__tests__/actions.test.ts\u001b[39m\u001b[0m\u001b[2m:204:28)\u001b[22m\u001b[2m\u001b[22m\n\n\u001b[1m\u001b[31m  \u001b[1m● \u001b[22m\u001b[1mfinalizeEvent › 正常な入力で日程が確定できる\u001b[39m\u001b[22m\n\n    \u001b[2mexpect(\u001b[22m\u001b[31mreceived\u001b[39m\u001b[2m).\u001b[22mtoBe\u001b[2m(\u001b[22m\u001b[32mexpected\u001b[39m\u001b[2m) // Object.is equality\u001b[22m\n\n    Expected: \u001b[32mtrue\u001b[39m\n    Received: \u001b[31mfalse\u001b[39m\n\u001b[2m\u001b[22m\n\u001b[2m    \u001b[0m \u001b[90m 411 |\u001b[39m     \u001b[90m// finalizeEventは正常時success: trueを返す\u001b[39m\u001b[22m\n\u001b[2m     \u001b[90m 412 |\u001b[39m     \u001b[36mconst\u001b[39m result \u001b[33m=\u001b[39m \u001b[36mawait\u001b[39m finalizeEvent(\u001b[32m'eventid'\u001b[39m\u001b[33m,\u001b[39m [\u001b[32m'dateid'\u001b[39m])\u001b[33m;\u001b[39m\u001b[22m\n\u001b[2m    \u001b[31m\u001b[1m>\u001b[22m\u001b[2m\u001b[39m\u001b[90m 413 |\u001b[39m     expect(result\u001b[33m.\u001b[39msuccess)\u001b[33m.\u001b[39mtoBe(\u001b[36mtrue\u001b[39m)\u001b[33m;\u001b[39m\u001b[22m\n\u001b[2m     \u001b[90m     |\u001b[39m                            \u001b[31m\u001b[1m^\u001b[22m\u001b[2m\u001b[39m\u001b[22m\n\u001b[2m     \u001b[90m 414 |\u001b[39m   })\u001b[33m;\u001b[39m\u001b[22m\n\u001b[2m     \u001b[90m 415 |\u001b[39m\u001b[22m\n\u001b[2m     \u001b[90m 416 |\u001b[39m   it(\u001b[32m'finalizeEvent: 正常な入力で日程が確定できる'\u001b[39m\u001b[33m,\u001b[39m \u001b[36masync\u001b[39m () \u001b[33m=>\u001b[39m {\u001b[0m\u001b[22m\n\u001b[2m\u001b[22m\n\u001b[2m      \u001b[2mat Object.toBe (\u001b[22m\u001b[2m\u001b[0m\u001b[36msrc/lib/__tests__/actions.test.ts\u001b[39m\u001b[0m\u001b[2m:413:28)\u001b[22m\u001b[2m\u001b[22m\n\n\u001b[1m\u001b[31m  \u001b[1m● \u001b[22m\u001b[1mfinalizeEvent › finalizeEvent: 正常な入力で日程が確定できる\u001b[39m\u001b[22m\n\n    \u001b[2mexpect(\u001b[22m\u001b[31mreceived\u001b[39m\u001b[2m).\u001b[22mtoBe\u001b[2m(\u001b[22m\u001b[32mexpected\u001b[39m\u001b[2m) // Object.is equality\u001b[22m\n\n    Expected: \u001b[32mtrue\u001b[39m\n    Received: \u001b[31mfalse\u001b[39m\n\u001b[2m\u001b[22m\n\u001b[2m    \u001b[0m \u001b[90m 439 |\u001b[39m     \u001b[90m// finalizeEventは正常時success: trueを返す\u001b[39m\u001b[22m\n\u001b[2m     \u001b[90m 440 |\u001b[39m     \u001b[36mconst\u001b[39m result \u001b[33m=\u001b[39m \u001b[36mawait\u001b[39m finalizeEvent(\u001b[32m'eventid'\u001b[39m\u001b[33m,\u001b[39m [\u001b[32m'dateid'\u001b[39m])\u001b[33m;\u001b[39m\u001b[22m\n\u001b[2m    \u001b[31m\u001b[1m>\u001b[22m\u001b[2m\u001b[39m\u001b[90m 441 |\u001b[39m     expect(result\u001b[33m.\u001b[39msuccess)\u001b[33m.\u001b[39mtoBe(\u001b[36mtrue\u001b[39m)\u001b[33m;\u001b[39m\u001b[22m\n\u001b[2m     \u001b[90m     |\u001b[39m                            \u001b[31m\u001b[1m^\u001b[22m\u001b[2m\u001b[39m\u001b[22m\n\u001b[2m     \u001b[90m 442 |\u001b[39m   })\u001b[33m;\u001b[39m\u001b[22m\n\u001b[2m     \u001b[90m 443 |\u001b[39m })\u001b[33m;\u001b[39m\u001b[22m\n\u001b[2m     \u001b[90m 444 |\u001b[39m\u001b[0m\u001b[22m\n\u001b[2m\u001b[22m\n\u001b[2m      \u001b[2mat Object.toBe (\u001b[22m\u001b[2m\u001b[0m\u001b[36msrc/lib/__tests__/actions.test.ts\u001b[39m\u001b[0m\u001b[2m:441:28)\u001b[22m\u001b[2m\u001b[22m\n","name":"/home/takemasa32/programs/multi-schedule-app/src/lib/__tests__/actions.test.ts","startTime":1746770487051,"status":"failed","summary":""},{"assertionResults":[{"ancestorTitles":["お気に入りイベント機能"],"duration":321,"failureDetails":[],"failureMessages":[],"fullName":"お気に入りイベント機能 お気に入り追加・削除が一覧に即時反映される","invocations":1,"location":null,"numPassingAsserts":1,"retryReasons":[],"status":"passed","title":"お気に入り追加・削除が一覧に即時反映される"}],"endTime":1746770489229,"message":"","name":"/home/takemasa32/programs/multi-schedule-app/src/components/__tests__/favorite-events.test.tsx","startTime":1746770487037,"status":"passed","summary":""},{"assertionResults":[{"ancestorTitles":["AvailabilitySummary"],"duration":204,"failureDetails":[],"failureMessages":[],"fullName":"AvailabilitySummary 日程ごとの○人数/×人数が正しく表示される（リスト表示）","invocations":1,"location":null,"numPassingAsserts":4,"retryReasons":[],"status":"passed","title":"日程ごとの○人数/×人数が正しく表示される（リスト表示）"},{"ancestorTitles":["AvailabilitySummary"],"duration":67,"failureDetails":[],"failureMessages":[],"fullName":"AvailabilitySummary 参加者ごとの回答マトリクスが正しく描画される（個別表示）","invocations":1,"location":null,"numPassingAsserts":5,"retryReasons":[],"status":"passed","title":"参加者ごとの回答マトリクスが正しく描画される（個別表示）"},{"ancestorTitles":["AvailabilitySummary"],"duration":66,"failureDetails":[{"name":"TestingLibraryElementError"}],"failureMessages":["TestingLibraryElementError: Unable to find an element with the text: 1. This could be because the text is broken up by multiple elements. In this case, you can provide a function for your text matcher to make your matcher more flexible.\n\nIgnored nodes: comments, script, style\n\u001b[36m<body>\u001b[39m\n  \u001b[36m<div\u001b[39m\n    \u001b[33mid\u001b[39m=\u001b[32m\"tooltip-portal\"\u001b[39m\n  \u001b[36m/>\u001b[39m\n  \u001b[36m<div>\u001b[39m\n    \u001b[36m<div\u001b[39m\n      \u001b[33mclass\u001b[39m=\u001b[32m\"mb-8 bg-base-100 border rounded-lg shadow-sm transition-all availability-summary\"\u001b[39m\n    \u001b[36m>\u001b[39m\n      \u001b[36m<div\u001b[39m\n        \u001b[33mclass\u001b[39m=\u001b[32m\"p-2 sm:p-4\"\u001b[39m\n      \u001b[36m>\u001b[39m\n        \u001b[36m<h2\u001b[39m\n          \u001b[33mclass\u001b[39m=\u001b[32m\"text-xl font-bold mb-2 sm:mb-4\"\u001b[39m\n        \u001b[36m>\u001b[39m\n          \u001b[0mみんなの回答状況\u001b[0m\n        \u001b[36m</h2>\u001b[39m\n        \u001b[36m<div\u001b[39m\n          \u001b[33mclass\u001b[39m=\u001b[32m\"tabs tabs-boxed mb-2 sm:mb-4 bg-base-300 p-1 rounded-lg\"\u001b[39m\n        \u001b[36m>\u001b[39m\n          \u001b[36m<a\u001b[39m\n            \u001b[33mclass\u001b[39m=\u001b[32m\"tab transition-all tab-active bg-primary text-primary-content font-medium\"\u001b[39m\n          \u001b[36m>\u001b[39m\n            \u001b[0mヒートマップ表示\u001b[0m\n          \u001b[36m</a>\u001b[39m\n          \u001b[36m<a\u001b[39m\n            \u001b[33mclass\u001b[39m=\u001b[32m\"tab transition-all text-base-content\"\u001b[39m\n          \u001b[36m>\u001b[39m\n            \u001b[0m個別表示\u001b[0m\n          \u001b[36m</a>\u001b[39m\n          \u001b[36m<a\u001b[39m\n            \u001b[33mclass\u001b[39m=\u001b[32m\"tab transition-all text-base-content\"\u001b[39m\n          \u001b[36m>\u001b[39m\n            \u001b[0mリスト表示\u001b[0m\n          \u001b[36m</a>\u001b[39m\n        \u001b[36m</div>\u001b[39m\n        \u001b[36m<div\u001b[39m\n          \u001b[33mclass\u001b[39m=\u001b[32m\"fade-in\"\u001b[39m\n        \u001b[36m>\u001b[39m\n          \u001b[36m<div\u001b[39m\n            \u001b[33mclass\u001b[39m=\u001b[32m\"bg-base-100 p-1 sm:p-2 mb-2 text-xs sm:text-sm\"\u001b[39m\n          \u001b[36m>\u001b[39m\n            \u001b[36m<span\u001b[39m\n              \u001b[33mclass\u001b[39m=\u001b[32m\"font-medium\"\u001b[39m\n            \u001b[36m>\u001b[39m\n              \u001b[0m色が濃いほど参加可能な人が多い時間帯です\u001b[0m\n            \u001b[36m</span>\u001b[39m\n          \u001b[36m</div>\u001b[39m\n          \u001b[36m<div\u001b[39m\n            \u001b[33mclass\u001b[39m=\u001b[32m\"overflow-x-auto\"\u001b[39m\n          \u001b[36m>\u001b[39m\n            \u001b[36m<table\u001b[39m\n              \u001b[33mclass\u001b[39m=\u001b[32m\"table table-xs sm:table w-full text-center border-collapse min-w-[360px]\"\u001b[39m\n            \u001b[36m>\u001b[39m\n              \u001b[36m<thead\u001b[39m\n                \u001b[33mclass\u001b[39m=\u001b[32m\"sticky top-0 z-20\"\u001b[39m\n              \u001b[36m>\u001b[39m\n                \u001b[36m<tr\u001b[39m\n                  \u001b[33mclass\u001b[39m=\u001b[32m\"bg-base-200\"\u001b[39m\n                \u001b[36m>\u001b[39m\n                  \u001b[36m<th\u001b[39m\n                    \u001b[33mclass\u001b[39m=\u001b[32m\"text-left sticky left-0 top-0 bg-base-200 z-30 p-1 sm:p-2 text-xs sm:text-sm min-w-[48px]\"\u001b[39m\n                  \u001b[36m>\u001b[39m\n                    \u001b[0m時間\u001b[0m\n                  \u001b[36m</th>\u001b[39m\n                  \u001b[36m<th\u001b[39m\n                    \u001b[33mclass\u001b[39m=\u001b[32m\"text-center p-1 sm:px-2 sm:py-3 min-w-[44px] sm:min-w-[80px] text-xs sm:text-sm sticky top-0 bg-base-200 z-20\"\u001b[39m\n                  \u001b[36m>\u001b[39m\n                    \u001b[0m2025年5月\u001b[0m\n                    \u001b[36m<br />\u001b[39m\n                    \u001b[0m10日(土)\u001b[0m\n                  \u001b[36m</th>\u001b[39m\n                  \u001b[36m<th\u001b[39m\n                    \u001b[33mclass\u001b[39m=\u001b[32m\"text-center p-1 sm:px-2 sm:py-3 min-w-[44px] sm:min-w-[80px] text-xs sm:text-sm sticky top-0 bg-base-200 z-20\"\u001b[39m\n                  \u001b[36m>\u001b[39m\n                    \u001b[0m12日(月)\u001b[0m\n                  \u001b[36m</th>\u001b[39m\n                \u001b[36m</tr>\u001b[39m\n              \u001b[36m</thead>\u001b[39m\n              \u001b[36m<tbody>\u001b[39m\n                \u001b[36m<tr>\u001b[39m\n                  \u001b[36m<td\u001b[39m\n                    \u001b[33mclass\u001b[39m=\u001b[32m\"text-left font-medium whitespace-nowrap sticky left-0 bg-base-100 z-10 p-1 sm:px-2 text-xs sm:text-sm\"\u001b[39m\n                  \u001b[36m>\u001b[39m\n                    \u001b[0m0:00\u001b[0m\n                    \u001b[36m<span\u001b[39m\n                      \u001b[33mclass\u001b[39m=\u001b[32m\"ml-1 text-xs text-gray-500\"\u001b[39m\n                    \u001b[36m>\u001b[39m\n                      \u001b[0m午後枠\u001b[0m\n                    \u001b[36m</span>\u001b[39m\n                  \u001b[36m</td>\u001b[39m\n                  \u001b[36m<td\u001b[39m\n                    \u001b[33mclass\u001b[39m=\u001b[32m\"relative p-0 sm:p-1 transition-all cursor-pointer \"\u001b[39m\n                    \u001b[33mstyle\u001b[39m=\u001b[32m\"background-color: transparent;\"\u001b[39m\n                  \u001b[36m>\u001b[39m\n                    \u001b[36m<span\u001b[39m\n                      \u001b[33mclass\u001b[39m=\u001b[32m\"text-gray-300 text-xs\"\u001b[39m\n                    \u001b[36m>\u001b[39m\n                      \u001b[0m-\u001b[0m\n                    \u001b[36m</span>\u001b[39m\n                  \u001b[36m</td>\u001b[39m\n                  \u001b[36m<td\u001b[39m\n                    \u001b[33mclass\u001b[39m=\u001b[32m\"relative p-0 sm:p-1 transition-all cursor-pointer \"\u001b[39m\n                  \u001b[36m>\u001b[39m\n                    \u001b[36m<div\u001b[39m\n                      \u001b[33mclass\u001b[39m=\u001b[32m\"flex flex-col items-center justify-center h-full\"\u001b[39m\n                    \u001b[36m>\u001b[39m\n                      \u001b[36m<span\u001b[39m\n                        \u001b[33mclass\u001b[39m=\u001b[32m\"font-bold text-xs sm:text-base text-white\"\u001b[39m\n                      \u001b[36m>\u001b[39m\n                        \u001b[0m2\u001b[0m\n                      \u001b[36m</span>\u001b[39m\n                      \u001b[36m<span\u001b[39m\n                        \u001b[33mclass\u001b[39m=\u001b[32m\"text-[10px] sm:text-xs text-gray-500\"\u001b[39m\n                      \u001b[36m>\u001b[39m\n                        \u001b[0m(\u001b[0m\n                        \u001b[0m1\u001b[0m\n                        \u001b[0m)\u001b[0m\n                      \u001b[36m</span>\u001b[39m\n                    \u001b[36m</div>\u001b[39m\n                  \u001b[36m</td>\u001b[39m\n                \u001b[36m</tr>\u001b[39m\n                \u001b[36m<tr>\u001b[39m\n                  \u001b[36m<td\u001b[39m\n                    \u001b[33mclass\u001b[39m=\u001b[32m\"text-left font-medium whitespace-nowrap sticky left-0 bg-base-100 z-10 p-1 sm:px-2 text-xs sm:text-sm\"\u001b[39m\n                  \u001b[36m>\u001b[39m\n                    \u001b[0m19:00\u001b[0m\n                    \u001b[36m<span\u001b[39m\n                      \u001b[33mclass\u001b[39m=\u001b[32m\"ml-1 text-xs text-gray-500\"\u001b[39m\n                    \u001b[36m>\u001b[39m\n                      \u001b[0m午前枠\u001b[0m\n                    \u001b[36m</span>\u001b[39m\n                  \u001b[36m</td>\u001b[39m\n                  \u001b[36m<td\u001b[39m\n                    \u001b[33mclass\u001b[39m=\u001b[32m\"relative p-0 sm:p-1 transition-all cursor-pointer \"\u001b[39m\n                  \u001b[36m>\u001b[39m\n                    \u001b[36m<div\u001b[39m\n                      \u001b[33mclass\u001b[39m=\u001b[32m\"flex flex-col items-center justify-center h-full\"\u001b[39m\n                    \u001b[36m>\u001b[39m\n                      \u001b[36m<span\u001b[39m\n                        \u001b[33mclass\u001b[39m=\u001b[32m\"font-bold text-xs sm:text-base text-white\"\u001b[39m\n                      \u001b[36m>\u001b[39m\n                        \u001b[0m2\u001b[0m\n                      \u001b[36m</span>\u001b[39m\n                      \u001b[36m<span\u001b[39m\n                        \u001b[33mclass\u001b[39m=\u001b[32m\"text-[10px] sm:text-xs text-gray-500\"\u001b[39m\n                      \u001b[36m>\u001b[39m\n                        \u001b[0m(\u001b[0m\n                        \u001b[0m1\u001b[0m\n                        \u001b[0m)\u001b[0m\n                      \u001b[36m</span>\u001b[39m\n                    \u001b[36m</div>\u001b[39m\n                  \u001b[36m</td>\u001b[39m\n                  \u001b[36m<td\u001b[39m\n                    \u001b[33mclass\u001b[39m=\u001b[32m\"relative p-0 sm:p-1 transition-all cursor-pointer \"\u001b[39m\n                    \u001b[33mstyle\u001b[39m=\u001b[32m\"background-color: transparent;\"\u001b[39m\n                  \u001b[36m>\u001b[39m\n                    \u001b[36m<span\u001b[39m\n                      \u001b[33mclass\u001b[39m=\u001b[32m\"text-gray-300 text-xs\"\u001b[39m\n                    \u001b[36m>\u001b[39m\n                      \u001b[0m-\u001b[0m\n                    \u001b[36m</span>\u001b[39m\n                  \u001b[36m</td>\u001b[39m\n                \u001b[36m</tr>\u001b[39m\n              \u001b[36m</tbody>\u001b[39m\n            \u001b[36m</table>\u001b[39m\n          \u001b[36m</div>\u001b[39m\n          \u001b[36m<div\u001b[39m\n            \u001b[33mclass\u001b[39m=\u001b[32m\"flex justify-center items-center mt-2 sm:mt-3 gap-1 sm:gap-2 text-xs sm:text-sm\"\u001b[39m\n          \u001b[36m>\u001b[39m\n            \u001b[36m<span>\u001b[39m\n              \u001b[0m少ない\u001b[0m\n            \u001b[36m</span>\u001b[39m\n            \u001b[36m<div\u001b[39m\n              \u001b[33mclass\u001b[39m=\u001b[32m\"flex\"\u001b[39m\n            \u001b[36m>\u001b[39m\n              \u001b[36m<div\u001b[39m\n                \u001b[33mclass\u001b[39m=\u001b[32m\"w-2 h-2 sm:w-4 sm:h-4\"\u001b[39m\n                \u001b[33mstyle\u001b[39m=\u001b[32m\"border: 1px solid #e5e7eb;\"\u001b[39m\n              \u001b[36m/>\u001b[39m\n              \u001b[36m<div\u001b[39m\n                \u001b[33mclass\u001b[39m=\u001b[32m\"w-2 h-2 sm:w-4 sm:h-4\"\u001b[39m\n                \u001b[33mstyle\u001b[39m=\u001b[32m\"border: 1px solid #e5e7eb;\"\u001b[39m\n              \u001b[36m/>\u001b[39m\n              \u001b[36m<div\u001b[39m\n                \u001b[33mclass\u001b[39m=\u001b[32m\"w-2 h-2 sm:w-4 sm:h-4\"\u001b[39m\n                \u001b[33mstyle\u001b[39m=\u001b[32m\"border: 1px solid #e5e7eb;\"\u001b[39m\n              \u001b[36m/>\u001b[39m\n              \u001b[36m<div\u001b[39m\n                \u001b[33mclass\u001b[39m=\u001b[32m\"w-2 h-2 sm:w-4 sm:h-4\"\u001b[39m\n                \u001b[33mstyle\u001b[39m=\u001b[32m\"border: 1px solid #e5e7eb;\"\u001b[39m\n              \u001b[36m/>\u001b[39m\n              \u001b[36m<div\u001b[39m\n                \u001b[33mclass\u001b[39m=\u001b[32m\"w-2 h-2 sm:w-4 sm:h-4\"\u001b[39m\n                \u001b[33mstyle\u001b[39m=\u001b[32m\"border: 1px solid #e5e7eb;\"\u001b[39m\n              \u001b[36m/>\u001b[39m\n              \u001b[36m<div\u001b[39m\n                \u001b[33mclass\u001b[39m=\u001b[32m\"w-2 h-2 sm:w-4 sm:h-4\"\u001b[39m\n                \u001b[33mstyle\u001b[39m=\u001b[32m\"border: 1px solid #e5e7eb;\"\u001b[39m\n              \u001b[36m/>\u001b[39m\n              \u001b[36m<div\u001b[39m\n                \u001b[33mclass\u001b[39m=\u001b[32m\"w-2 h-2 sm:w-4 sm:h-4\"\u001b[39m\n                \u001b[33mstyle\u001b[39m=\u001b[32m\"border: 1px solid #e5e7eb;\"\u001b[39m\n              \u001b[36m/>\u001b[39m\n              \u001b[36m<div\u001b[39m\n                \u001b[33mclass\u001b[39m=\u001b[32m\"w-2 h-2 sm:w-4 sm:h-4\"\u001b[39m\n                \u001b[33mstyle\u001b[39m=\u001b[32m\"border: 1px solid #e5e7eb;\"\u001b[39m\n              \u001b[36m/>\u001b[39m\n              \u001b[36m<div\u001b[39m\n                \u001b[33mclass\u001b[39m=\u001b[32m\"w-2 h-2 sm:w-4 sm:h-4\"\u001b[39m\n                \u001b[33mstyle\u001b[39m=\u001b[32m\"border: 1px solid #e5e7eb;\"\u001b[39m\n              \u001b[36m/>\u001b[39m\n              \u001b[36m<div\u001b[39m\n                \u001b[33mclass\u001b[39m=\u001b[32m\"w-2 h-2 sm:w-4 sm:h-4\"\u001b[39m\n                \u001b[33mstyle\u001b[39m=\u001b[32m\"border: 1px solid #e5e7eb;\"\u001b[39m\n              \u001b[36m/>\u001b[39m\n              \u001b[36m<div\u001b[39m\n                \u001b[33mclass\u001b[39m=\u001b[32m\"w-2 h-2 sm:w-4 sm:h-4\"\u001b[39m\n                \u001b[33mstyle\u001b[39m=\u001b[32m\"border: 1px solid #e5e7eb;\"\u001b[39m\n              \u001b[36m/>\u001b[39m\n            \u001b[36m</div>\u001b[39m\n            \u001b[36m<span>\u001b[39m\n              \u001b[0m多い\u001b[0m\n            \u001b[36m</span>\u001b[39m\n          \u001b[36m</div>\u001b[39m\n        \u001b[36m</div>\u001b[39m\n      \u001b[36m</div>\u001b[39m\n    \u001b[36m</div>\u001b[39m\n  \u001b[36m</div>\u001b[39m\n\u001b[36m</body>\u001b[39m\n    at Object.getElementError (/home/takemasa32/programs/multi-schedule-app/node_modules/@testing-library/dom/dist/config.js:37:19)\n    at /home/takemasa32/programs/multi-schedule-app/node_modules/@testing-library/dom/dist/query-helpers.js:76:38\n    at /home/takemasa32/programs/multi-schedule-app/node_modules/@testing-library/dom/dist/query-helpers.js:109:15\n    at Object.getAllByText (/home/takemasa32/programs/multi-schedule-app/src/components/__tests__/availability-summary.test.tsx:69:19)\n    at Promise.then.completed (/home/takemasa32/programs/multi-schedule-app/node_modules/jest-circus/build/utils.js:298:28)\n    at new Promise (<anonymous>)\n    at callAsyncCircusFn (/home/takemasa32/programs/multi-schedule-app/node_modules/jest-circus/build/utils.js:231:10)\n    at _callCircusTest (/home/takemasa32/programs/multi-schedule-app/node_modules/jest-circus/build/run.js:316:40)\n    at processTicksAndRejections (node:internal/process/task_queues:105:5)\n    at _runTest (/home/takemasa32/programs/multi-schedule-app/node_modules/jest-circus/build/run.js:252:3)\n    at _runTestsForDescribeBlock (/home/takemasa32/programs/multi-schedule-app/node_modules/jest-circus/build/run.js:126:9)\n    at _runTestsForDescribeBlock (/home/takemasa32/programs/multi-schedule-app/node_modules/jest-circus/build/run.js:121:9)\n    at run (/home/takemasa32/programs/multi-schedule-app/node_modules/jest-circus/build/run.js:71:3)\n    at runAndTransformResultsToJestFormat (/home/takemasa32/programs/multi-schedule-app/node_modules/jest-circus/build/legacy-code-todo-rewrite/jestAdapterInit.js:122:21)\n    at jestAdapter (/home/takemasa32/programs/multi-schedule-app/node_modules/jest-circus/build/legacy-code-todo-rewrite/jestAdapter.js:79:19)\n    at runTestInternal (/home/takemasa32/programs/multi-schedule-app/node_modules/jest-runner/build/runTest.js:367:16)\n    at runTest (/home/takemasa32/programs/multi-schedule-app/node_modules/jest-runner/build/runTest.js:444:34)\n    at Object.worker (/home/takemasa32/programs/multi-schedule-app/node_modules/jest-runner/build/testWorker.js:106:12)"],"fullName":"AvailabilitySummary ヒートマップ表示でセルが正しく描画される","invocations":1,"location":null,"numPassingAsserts":3,"retryReasons":[],"status":"failed","title":"ヒートマップ表示でセルが正しく描画される"},{"ancestorTitles":["AvailabilitySummary"],"duration":18,"failureDetails":[],"failureMessages":[],"fullName":"AvailabilitySummary 参加者がいない場合はメッセージを表示する","invocations":1,"location":null,"numPassingAsserts":1,"retryReasons":[],"status":"passed","title":"参加者がいない場合はメッセージを表示する"},{"ancestorTitles":["AvailabilitySummary"],"duration":81,"failureDetails":[],"failureMessages":[],"fullName":"AvailabilitySummary タブ切り替えで各ビューが切り替わる","invocations":1,"location":null,"numPassingAsserts":3,"retryReasons":[],"status":"passed","title":"タブ切り替えで各ビューが切り替わる"}],"endTime":1746770489377,"message":"\u001b[1m\u001b[31m  \u001b[1m● \u001b[22m\u001b[1mAvailabilitySummary › ヒートマップ表示でセルが正しく描画される\u001b[39m\u001b[22m\n\n    TestingLibraryElementError: Unable to find an element with the text: 1. This could be because the text is broken up by multiple elements. In this case, you can provide a function for your text matcher to make your matcher more flexible.\n\n    Ignored nodes: comments, script, style\n    \u001b[36m<body>\u001b[39m\n      \u001b[36m<div\u001b[39m\n        \u001b[33mid\u001b[39m=\u001b[32m\"tooltip-portal\"\u001b[39m\n      \u001b[36m/>\u001b[39m\n      \u001b[36m<div>\u001b[39m\n        \u001b[36m<div\u001b[39m\n          \u001b[33mclass\u001b[39m=\u001b[32m\"mb-8 bg-base-100 border rounded-lg shadow-sm transition-all availability-summary\"\u001b[39m\n        \u001b[36m>\u001b[39m\n          \u001b[36m<div\u001b[39m\n            \u001b[33mclass\u001b[39m=\u001b[32m\"p-2 sm:p-4\"\u001b[39m\n          \u001b[36m>\u001b[39m\n            \u001b[36m<h2\u001b[39m\n              \u001b[33mclass\u001b[39m=\u001b[32m\"text-xl font-bold mb-2 sm:mb-4\"\u001b[39m\n            \u001b[36m>\u001b[39m\n              \u001b[0mみんなの回答状況\u001b[0m\n            \u001b[36m</h2>\u001b[39m\n            \u001b[36m<div\u001b[39m\n              \u001b[33mclass\u001b[39m=\u001b[32m\"tabs tabs-boxed mb-2 sm:mb-4 bg-base-300 p-1 rounded-lg\"\u001b[39m\n            \u001b[36m>\u001b[39m\n              \u001b[36m<a\u001b[39m\n                \u001b[33mclass\u001b[39m=\u001b[32m\"tab transition-all tab-active bg-primary text-primary-content font-medium\"\u001b[39m\n              \u001b[36m>\u001b[39m\n                \u001b[0mヒートマップ表示\u001b[0m\n              \u001b[36m</a>\u001b[39m\n              \u001b[36m<a\u001b[39m\n                \u001b[33mclass\u001b[39m=\u001b[32m\"tab transition-all text-base-content\"\u001b[39m\n              \u001b[36m>\u001b[39m\n                \u001b[0m個別表示\u001b[0m\n              \u001b[36m</a>\u001b[39m\n              \u001b[36m<a\u001b[39m\n                \u001b[33mclass\u001b[39m=\u001b[32m\"tab transition-all text-base-content\"\u001b[39m\n              \u001b[36m>\u001b[39m\n                \u001b[0mリスト表示\u001b[0m\n              \u001b[36m</a>\u001b[39m\n            \u001b[36m</div>\u001b[39m\n            \u001b[36m<div\u001b[39m\n              \u001b[33mclass\u001b[39m=\u001b[32m\"fade-in\"\u001b[39m\n            \u001b[36m>\u001b[39m\n              \u001b[36m<div\u001b[39m\n                \u001b[33mclass\u001b[39m=\u001b[32m\"bg-base-100 p-1 sm:p-2 mb-2 text-xs sm:text-sm\"\u001b[39m\n              \u001b[36m>\u001b[39m\n                \u001b[36m<span\u001b[39m\n                  \u001b[33mclass\u001b[39m=\u001b[32m\"font-medium\"\u001b[39m\n                \u001b[36m>\u001b[39m\n                  \u001b[0m色が濃いほど参加可能な人が多い時間帯です\u001b[0m\n                \u001b[36m</span>\u001b[39m\n              \u001b[36m</div>\u001b[39m\n              \u001b[36m<div\u001b[39m\n                \u001b[33mclass\u001b[39m=\u001b[32m\"overflow-x-auto\"\u001b[39m\n              \u001b[36m>\u001b[39m\n                \u001b[36m<table\u001b[39m\n                  \u001b[33mclass\u001b[39m=\u001b[32m\"table table-xs sm:table w-full text-center border-collapse min-w-[360px]\"\u001b[39m\n                \u001b[36m>\u001b[39m\n                  \u001b[36m<thead\u001b[39m\n                    \u001b[33mclass\u001b[39m=\u001b[32m\"sticky top-0 z-20\"\u001b[39m\n                  \u001b[36m>\u001b[39m\n                    \u001b[36m<tr\u001b[39m\n                      \u001b[33mclass\u001b[39m=\u001b[32m\"bg-base-200\"\u001b[39m\n                    \u001b[36m>\u001b[39m\n                      \u001b[36m<th\u001b[39m\n                        \u001b[33mclass\u001b[39m=\u001b[32m\"text-left sticky left-0 top-0 bg-base-200 z-30 p-1 sm:p-2 text-xs sm:text-sm min-w-[48px]\"\u001b[39m\n                      \u001b[36m>\u001b[39m\n                        \u001b[0m時間\u001b[0m\n                      \u001b[36m</th>\u001b[39m\n                      \u001b[36m<th\u001b[39m\n                        \u001b[33mclass\u001b[39m=\u001b[32m\"text-center p-1 sm:px-2 sm:py-3 min-w-[44px] sm:min-w-[80px] text-xs sm:text-sm sticky top-0 bg-base-200 z-20\"\u001b[39m\n                      \u001b[36m>\u001b[39m\n                        \u001b[0m2025年5月\u001b[0m\n                        \u001b[36m<br />\u001b[39m\n                        \u001b[0m10日(土)\u001b[0m\n                      \u001b[36m</th>\u001b[39m\n                      \u001b[36m<th\u001b[39m\n                        \u001b[33mclass\u001b[39m=\u001b[32m\"text-center p-1 sm:px-2 sm:py-3 min-w-[44px] sm:min-w-[80px] text-xs sm:text-sm sticky top-0 bg-base-200 z-20\"\u001b[39m\n                      \u001b[36m>\u001b[39m\n                        \u001b[0m12日(月)\u001b[0m\n                      \u001b[36m</th>\u001b[39m\n                    \u001b[36m</tr>\u001b[39m\n                  \u001b[36m</thead>\u001b[39m\n                  \u001b[36m<tbody>\u001b[39m\n                    \u001b[36m<tr>\u001b[39m\n                      \u001b[36m<td\u001b[39m\n                        \u001b[33mclass\u001b[39m=\u001b[32m\"text-left font-medium whitespace-nowrap sticky left-0 bg-base-100 z-10 p-1 sm:px-2 text-xs sm:text-sm\"\u001b[39m\n                      \u001b[36m>\u001b[39m\n                        \u001b[0m0:00\u001b[0m\n                        \u001b[36m<span\u001b[39m\n                          \u001b[33mclass\u001b[39m=\u001b[32m\"ml-1 text-xs text-gray-500\"\u001b[39m\n                        \u001b[36m>\u001b[39m\n                          \u001b[0m午後枠\u001b[0m\n                        \u001b[36m</span>\u001b[39m\n                      \u001b[36m</td>\u001b[39m\n                      \u001b[36m<td\u001b[39m\n                        \u001b[33mclass\u001b[39m=\u001b[32m\"relative p-0 sm:p-1 transition-all cursor-pointer \"\u001b[39m\n                        \u001b[33mstyle\u001b[39m=\u001b[32m\"background-color: transparent;\"\u001b[39m\n                      \u001b[36m>\u001b[39m\n                        \u001b[36m<span\u001b[39m\n                          \u001b[33mclass\u001b[39m=\u001b[32m\"text-gray-300 text-xs\"\u001b[39m\n                        \u001b[36m>\u001b[39m\n                          \u001b[0m-\u001b[0m\n                        \u001b[36m</span>\u001b[39m\n                      \u001b[36m</td>\u001b[39m\n                      \u001b[36m<td\u001b[39m\n                        \u001b[33mclass\u001b[39m=\u001b[32m\"relative p-0 sm:p-1 transition-all cursor-pointer \"\u001b[39m\n                      \u001b[36m>\u001b[39m\n                        \u001b[36m<div\u001b[39m\n                          \u001b[33mclass\u001b[39m=\u001b[32m\"flex flex-col items-center justify-center h-full\"\u001b[39m\n                        \u001b[36m>\u001b[39m\n                          \u001b[36m<span\u001b[39m\n                            \u001b[33mclass\u001b[39m=\u001b[32m\"font-bold text-xs sm:text-base text-white\"\u001b[39m\n                          \u001b[36m>\u001b[39m\n                            \u001b[0m2\u001b[0m\n                          \u001b[36m</span>\u001b[39m\n                          \u001b[36m<span\u001b[39m\n                            \u001b[33mclass\u001b[39m=\u001b[32m\"text-[10px] sm:text-xs text-gray-500\"\u001b[39m\n                          \u001b[36m>\u001b[39m\n                            \u001b[0m(\u001b[0m\n                            \u001b[0m1\u001b[0m\n                            \u001b[0m)\u001b[0m\n                          \u001b[36m</span>\u001b[39m\n                        \u001b[36m</div>\u001b[39m\n                      \u001b[36m</td>\u001b[39m\n                    \u001b[36m</tr>\u001b[39m\n                    \u001b[36m<tr>\u001b[39m\n                      \u001b[36m<td\u001b[39m\n                        \u001b[33mclass\u001b[39m=\u001b[32m\"text-left font-medium whitespace-nowrap sticky left-0 bg-base-100 z-10 p-1 sm:px-2 text-xs sm:text-sm\"\u001b[39m\n                      \u001b[36m>\u001b[39m\n                        \u001b[0m19:00\u001b[0m\n                        \u001b[36m<span\u001b[39m\n                          \u001b[33mclass\u001b[39m=\u001b[32m\"ml-1 text-xs text-gray-500\"\u001b[39m\n                        \u001b[36m>\u001b[39m\n                          \u001b[0m午前枠\u001b[0m\n                        \u001b[36m</span>\u001b[39m\n                      \u001b[36m</td>\u001b[39m\n                      \u001b[36m<td\u001b[39m\n                        \u001b[33mclass\u001b[39m=\u001b[32m\"relative p-0 sm:p-1 transition-all cursor-pointer \"\u001b[39m\n                      \u001b[36m>\u001b[39m\n                        \u001b[36m<div\u001b[39m\n                          \u001b[33mclass\u001b[39m=\u001b[32m\"flex flex-col items-center justify-center h-full\"\u001b[39m\n                        \u001b[36m>\u001b[39m\n                          \u001b[36m<span\u001b[39m\n                            \u001b[33mclass\u001b[39m=\u001b[32m\"font-bold text-xs sm:text-base text-white\"\u001b[39m\n                          \u001b[36m>\u001b[39m\n                            \u001b[0m2\u001b[0m\n                          \u001b[36m</span>\u001b[39m\n                          \u001b[36m<span\u001b[39m\n                            \u001b[33mclass\u001b[39m=\u001b[32m\"text-[10px] sm:text-xs text-gray-500\"\u001b[39m\n                          \u001b[36m>\u001b[39m\n                            \u001b[0m(\u001b[0m\n                            \u001b[0m1\u001b[0m\n                            \u001b[0m)\u001b[0m\n                          \u001b[36m</span>\u001b[39m\n                        \u001b[36m</div>\u001b[39m\n                      \u001b[36m</td>\u001b[39m\n                      \u001b[36m<td\u001b[39m\n                        \u001b[33mclass\u001b[39m=\u001b[32m\"relative p-0 sm:p-1 transition-all cursor-pointer \"\u001b[39m\n                        \u001b[33mstyle\u001b[39m=\u001b[32m\"background-color: transparent;\"\u001b[39m\n                      \u001b[36m>\u001b[39m\n                        \u001b[36m<span\u001b[39m\n                          \u001b[33mclass\u001b[39m=\u001b[32m\"text-gray-300 text-xs\"\u001b[39m\n                        \u001b[36m>\u001b[39m\n                          \u001b[0m-\u001b[0m\n                        \u001b[36m</span>\u001b[39m\n                      \u001b[36m</td>\u001b[39m\n                    \u001b[36m</tr>\u001b[39m\n                  \u001b[36m</tbody>\u001b[39m\n                \u001b[36m</table>\u001b[39m\n              \u001b[36m</div>\u001b[39m\n              \u001b[36m<div\u001b[39m\n                \u001b[33mclass\u001b[39m=\u001b[32m\"flex justify-center items-center mt-2 sm:mt-3 gap-1 sm:gap-2 text-xs sm:text-sm\"\u001b[39m\n              \u001b[36m>\u001b[39m\n                \u001b[36m<span>\u001b[39m\n                  \u001b[0m少ない\u001b[0m\n                \u001b[36m</span>\u001b[39m\n                \u001b[36m<div\u001b[39m\n                  \u001b[33mclass\u001b[39m=\u001b[32m\"flex\"\u001b[39m\n                \u001b[36m>\u001b[39m\n                  \u001b[36m<div\u001b[39m\n                    \u001b[33mclass\u001b[39m=\u001b[32m\"w-2 h-2 sm:w-4 sm:h-4\"\u001b[39m\n                    \u001b[33mstyle\u001b[39m=\u001b[32m\"border: 1px solid #e5e7eb;\"\u001b[39m\n                  \u001b[36m/>\u001b[39m\n                  \u001b[36m<div\u001b[39m\n                    \u001b[33mclass\u001b[39m=\u001b[32m\"w-2 h-2 sm:w-4 sm:h-4\"\u001b[39m\n                    \u001b[33mstyle\u001b[39m=\u001b[32m\"border: 1px solid #e5e7eb;\"\u001b[39m\n                  \u001b[36m/>\u001b[39m\n                  \u001b[36m<div\u001b[39m\n                    \u001b[33mclass\u001b[39m=\u001b[32m\"w-2 h-2 sm:w-4 sm:h-4\"\u001b[39m\n                    \u001b[33mstyle\u001b[39m=\u001b[32m\"border: 1px solid #e5e7eb;\"\u001b[39m\n                  \u001b[36m/>\u001b[39m\n                  \u001b[36m<div\u001b[39m\n                    \u001b[33mclass\u001b[39m=\u001b[32m\"w-2 h-2 sm:w-4 sm:h-4\"\u001b[39m\n                    \u001b[33mstyle\u001b[39m=\u001b[32m\"border: 1px solid #e5e7eb;\"\u001b[39m\n                  \u001b[36m/>\u001b[39m\n                  \u001b[36m<div\u001b[39m\n                    \u001b[33mclass\u001b[39m=\u001b[32m\"w-2 h-2 sm:w-4 sm:h-4\"\u001b[39m\n                    \u001b[33mstyle\u001b[39m=\u001b[32m\"border: 1px solid #e5e7eb;\"\u001b[39m\n                  \u001b[36m/>\u001b[39m\n                  \u001b[36m<div\u001b[39m\n                    \u001b[33mclass\u001b[39m=\u001b[32m\"w-2 h-2 sm:w-4 sm:h-4\"\u001b[39m\n                    \u001b[33mstyle\u001b[39m=\u001b[32m\"border: 1px solid #e5e7eb;\"\u001b[39m\n                  \u001b[36m/>\u001b[39m\n                  \u001b[36m<div\u001b[39m\n                    \u001b[33mclass\u001b[39m=\u001b[32m\"w-2 h-2 sm:w-4 sm:h-4\"\u001b[39m\n                    \u001b[33mstyle\u001b[39m=\u001b[32m\"border: 1px solid #e5e7eb;\"\u001b[39m\n                  \u001b[36m/>\u001b[39m\n                  \u001b[36m<div\u001b[39m\n                    \u001b[33mclass\u001b[39m=\u001b[32m\"w-2 h-2 sm:w-4 sm:h-4\"\u001b[39m\n                    \u001b[33mstyle\u001b[39m=\u001b[32m\"border: 1px solid #e5e7eb;\"\u001b[39m\n                  \u001b[36m/>\u001b[39m\n                  \u001b[36m<div\u001b[39m\n                    \u001b[33mclass\u001b[39m=\u001b[32m\"w-2 h-2 sm:w-4 sm:h-4\"\u001b[39m\n                    \u001b[33mstyle\u001b[39m=\u001b[32m\"border: 1px solid #e5e7eb;\"\u001b[39m\n                  \u001b[36m/>\u001b[39m\n                  \u001b[36m<div\u001b[39m\n                    \u001b[33mclass\u001b[39m=\u001b[32m\"w-2 h-2 sm:w-4 sm:h-4\"\u001b[39m\n                    \u001b[33mstyle\u001b[39m=\u001b[32m\"border: 1px solid #e5e7eb;\"\u001b[39m\n                  \u001b[36m/>\u001b[39m\n                  \u001b[36m<div\u001b[39m\n                    \u001b[33mclass\u001b[39m=\u001b[32m\"w-2 h-2 sm:w-4 sm:h-4\"\u001b[39m\n                    \u001b[33mstyle\u001b[39m=\u001b[32m\"border: 1px solid #e5e7eb;\"\u001b[39m\n                  \u001b[36m/>\u001b[39m\n                \u001b[36m</div>\u001b[39m\n                \u001b[36m<span>\u001b[39m\n                  \u001b[0m多い\u001b[0m\n                \u001b[36m</span>\u001b[39m\n              \u001b[36m</div>\u001b[39m\n            \u001b[36m</div>\u001b[39m\n          \u001b[36m</div>\u001b[39m\n        \u001b[36m</div>\u001b[39m\n      \u001b[36m</div>\u001b[39m\n    \u001b[36m</body>\u001b[39m\n\u001b[2m\u001b[22m\n\u001b[2m    \u001b[0m \u001b[90m 67 |\u001b[39m     expect(screen\u001b[33m.\u001b[39mgetByText(\u001b[35m/午後枠/\u001b[39m))\u001b[33m.\u001b[39mtoBeInTheDocument()\u001b[33m;\u001b[39m\u001b[22m\n\u001b[2m     \u001b[90m 68 |\u001b[39m     expect(screen\u001b[33m.\u001b[39mgetAllByText(\u001b[32m\"2\"\u001b[39m)\u001b[33m.\u001b[39mlength)\u001b[33m.\u001b[39mtoBeGreaterThan(\u001b[35m0\u001b[39m)\u001b[33m;\u001b[39m\u001b[22m\n\u001b[2m    \u001b[31m\u001b[1m>\u001b[22m\u001b[2m\u001b[39m\u001b[90m 69 |\u001b[39m     expect(screen\u001b[33m.\u001b[39mgetAllByText(\u001b[32m\"1\"\u001b[39m)\u001b[33m.\u001b[39mlength)\u001b[33m.\u001b[39mtoBeGreaterThan(\u001b[35m0\u001b[39m)\u001b[33m;\u001b[39m\u001b[22m\n\u001b[2m     \u001b[90m    |\u001b[39m                   \u001b[31m\u001b[1m^\u001b[22m\u001b[2m\u001b[39m\u001b[22m\n\u001b[2m     \u001b[90m 70 |\u001b[39m   })\u001b[33m;\u001b[39m\u001b[22m\n\u001b[2m     \u001b[90m 71 |\u001b[39m\u001b[22m\n\u001b[2m     \u001b[90m 72 |\u001b[39m   it(\u001b[32m\"参加者がいない場合はメッセージを表示する\"\u001b[39m\u001b[33m,\u001b[39m () \u001b[33m=>\u001b[39m {\u001b[0m\u001b[22m\n\u001b[2m\u001b[22m\n\u001b[2m      \u001b[2mat Object.getElementError (\u001b[22m\u001b[2mnode_modules/@testing-library/dom/dist/config.js\u001b[2m:37:19)\u001b[22m\u001b[2m\u001b[22m\n\u001b[2m      \u001b[2mat \u001b[22m\u001b[2mnode_modules/@testing-library/dom/dist/query-helpers.js\u001b[2m:76:38\u001b[22m\u001b[2m\u001b[22m\n\u001b[2m      \u001b[2mat \u001b[22m\u001b[2mnode_modules/@testing-library/dom/dist/query-helpers.js\u001b[2m:109:15\u001b[22m\u001b[2m\u001b[22m\n\u001b[2m      \u001b[2mat Object.getAllByText (\u001b[22m\u001b[2m\u001b[0m\u001b[36msrc/components/__tests__/availability-summary.test.tsx\u001b[39m\u001b[0m\u001b[2m:69:19)\u001b[22m\u001b[2m\u001b[22m\n","name":"/home/takemasa32/programs/multi-schedule-app/src/components/__tests__/availability-summary.test.tsx","startTime":1746770487046,"status":"failed","summary":""},{"assertionResults":[{"ancestorTitles":["PwaHomePage"],"duration":152,"failureDetails":[],"failureMessages":[],"fullName":"PwaHomePage サービス名・キャッチフレーズが表示される","invocations":1,"location":null,"numPassingAsserts":2,"retryReasons":[],"status":"passed","title":"サービス名・キャッチフレーズが表示される"},{"ancestorTitles":["PwaHomePage"],"duration":117,"failureDetails":[],"failureMessages":[],"fullName":"PwaHomePage 新規イベント作成ボタンが表示され、/createに遷移する","invocations":1,"location":null,"numPassingAsserts":1,"retryReasons":[],"status":"passed","title":"新規イベント作成ボタンが表示され、/createに遷移する"},{"ancestorTitles":["PwaHomePage"],"duration":18,"failureDetails":[],"failureMessages":[],"fullName":"PwaHomePage お気に入りイベント一覧が表示される","invocations":1,"location":null,"numPassingAsserts":1,"retryReasons":[],"status":"passed","title":"お気に入りイベント一覧が表示される"},{"ancestorTitles":["PwaHomePage"],"duration":49,"failureDetails":[],"failureMessages":[],"fullName":"PwaHomePage 最近アクセスイベント一覧が表示される","invocations":1,"location":null,"numPassingAsserts":1,"retryReasons":[],"status":"passed","title":"最近アクセスイベント一覧が表示される"},{"ancestorTitles":["PwaHomePage"],"duration":155,"failureDetails":[],"failureMessages":[],"fullName":"PwaHomePage イベントURL/IDから開くフォームのバリデーション（空欄・不正値・正しいID/URL）","invocations":1,"location":null,"numPassingAsserts":4,"retryReasons":[],"status":"passed","title":"イベントURL/IDから開くフォームのバリデーション（空欄・不正値・正しいID/URL）"}],"endTime":1746770489425,"message":"","name":"/home/takemasa32/programs/multi-schedule-app/src/components/__tests__/pwa-home.test.tsx","startTime":1746770487057,"status":"passed","summary":""},{"assertionResults":[{"ancestorTitles":["AvailabilityForm"],"duration":1530,"failureDetails":[{"name":"TestingLibraryElementError"}],"failureMessages":["Error: Unable to find role=\"alert\"\n\nIgnored nodes: comments, script, style\n\u001b[36m<body>\u001b[39m\n  \u001b[36m<div>\u001b[39m\n    \u001b[36m<div\u001b[39m\n      \u001b[33mclass\u001b[39m=\u001b[32m\"mb-8 p-6 bg-base-100 border rounded-lg shadow-sm transition-all animate-fadeIn\"\u001b[39m\n    \u001b[36m>\u001b[39m\n      \u001b[36m<h2\u001b[39m\n        \u001b[33mclass\u001b[39m=\u001b[32m\"text-xl font-bold mb-4\"\u001b[39m\n      \u001b[36m>\u001b[39m\n        \u001b[0m回答する\u001b[0m\n      \u001b[36m</h2>\u001b[39m\n      \u001b[36m<div\u001b[39m\n        \u001b[33mclass\u001b[39m=\u001b[32m\"alert alert-error mb-4\"\u001b[39m\n        \u001b[33mdata-testid\u001b[39m=\u001b[32m\"availability-form-error\"\u001b[39m\n        \u001b[33mrole\u001b[39m=\u001b[32m\"alert\"\u001b[39m\n        \u001b[33mstyle\u001b[39m=\u001b[32m\"display: none;\"\u001b[39m\n      \u001b[36m>\u001b[39m\n        \u001b[36m<svg\u001b[39m\n          \u001b[33mclass\u001b[39m=\u001b[32m\"stroke-current shrink-0 h-6 w-6\"\u001b[39m\n          \u001b[33mfill\u001b[39m=\u001b[32m\"none\"\u001b[39m\n          \u001b[33mviewBox\u001b[39m=\u001b[32m\"0 0 24 24\"\u001b[39m\n          \u001b[33mxmlns\u001b[39m=\u001b[32m\"http://www.w3.org/2000/svg\"\u001b[39m\n        \u001b[36m>\u001b[39m\n          \u001b[36m<path\u001b[39m\n            \u001b[33md\u001b[39m=\u001b[32m\"M10 14l2-2m0 0l2-2m-2 2l-2-2m2 2l2 2m7-2a9 9 0 11-18 0 9 9 0 0118 0z\"\u001b[39m\n            \u001b[33mstroke-linecap\u001b[39m=\u001b[32m\"round\"\u001b[39m\n            \u001b[33mstroke-linejoin\u001b[39m=\u001b[32m\"round\"\u001b[39m\n            \u001b[33mstroke-width\u001b[39m=\u001b[32m\"2\"\u001b[39m\n          \u001b[36m/>\u001b[39m\n        \u001b[36m</svg>\u001b[39m\n        \u001b[36m<span />\u001b[39m\n      \u001b[36m</div>\u001b[39m\n      \u001b[36m<form\u001b[39m\n        \u001b[33mclass\u001b[39m=\u001b[32m\"space-y-4\"\u001b[39m\n      \u001b[36m>\u001b[39m\n        \u001b[36m<input\u001b[39m\n          \u001b[33mname\u001b[39m=\u001b[32m\"eventId\"\u001b[39m\n          \u001b[33mtype\u001b[39m=\u001b[32m\"hidden\"\u001b[39m\n          \u001b[33mvalue\u001b[39m=\u001b[32m\"event1\"\u001b[39m\n        \u001b[36m/>\u001b[39m\n        \u001b[36m<input\u001b[39m\n          \u001b[33mname\u001b[39m=\u001b[32m\"publicToken\"\u001b[39m\n          \u001b[33mtype\u001b[39m=\u001b[32m\"hidden\"\u001b[39m\n          \u001b[33mvalue\u001b[39m=\u001b[32m\"token1\"\u001b[39m\n        \u001b[36m/>\u001b[39m\n        \u001b[36m<div\u001b[39m\n          \u001b[33mclass\u001b[39m=\u001b[32m\"\"\u001b[39m\n        \u001b[36m>\u001b[39m\n          \u001b[36m<label\u001b[39m\n            \u001b[33mclass\u001b[39m=\u001b[32m\"block text-sm font-medium mb-1\"\u001b[39m\n            \u001b[33mfor\u001b[39m=\u001b[32m\"participant_name\"\u001b[39m\n          \u001b[36m>\u001b[39m\n            \u001b[0mお名前 \u001b[0m\n            \u001b[36m<span\u001b[39m\n              \u001b[33mclass\u001b[39m=\u001b[32m\"text-error\"\u001b[39m\n            \u001b[36m>\u001b[39m\n              \u001b[0m*\u001b[0m\n            \u001b[36m</span>\u001b[39m\n          \u001b[36m</label>\u001b[39m\n          \u001b[36m<input\u001b[39m\n            \u001b[33mclass\u001b[39m=\u001b[32m\"input input-bordered w-full transition-all focus:border-primary-400 focus:ring-2 focus:ring-primary-200\"\u001b[39m\n            \u001b[33mid\u001b[39m=\u001b[32m\"participant_name\"\u001b[39m\n            \u001b[33mname\u001b[39m=\u001b[32m\"participant_name\"\u001b[39m\n            \u001b[33mrequired\u001b[39m=\u001b[32m\"\"\u001b[39m\n            \u001b[33mtype\u001b[39m=\u001b[32m\"text\"\u001b[39m\n            \u001b[33mvalue\u001b[39m=\u001b[32m\"\"\u001b[39m\n          \u001b[36m/>\u001b[39m\n        \u001b[36m</div>\u001b[39m\n        \u001b[36m<div>\u001b[39m\n          \u001b[36m<div\u001b[39m\n            \u001b[33mclass\u001b[39m=\u001b[32m\"space-y-3\"\u001b[39m\n          \u001b[36m>\u001b[39m\n            \u001b[36m<div\u001b[39m\n              \u001b[33mclass\u001b[39m=\u001b[32m\"flex flex-col sm:flex-row justify-between sm:items-center gap-2\"\u001b[39m\n            \u001b[36m>\u001b[39m\n              \u001b[36m<label\u001b[39m\n                \u001b[33mclass\u001b[39m=\u001b[32m\"block text-sm font-medium\"\u001b[39m\n              \u001b[36m>\u001b[39m\n                \u001b[0m候補日程から参加可能な日を選択してください\u001b[0m\n                \u001b[36m<span\u001b[39m\n                  \u001b[33mclass\u001b[39m=\u001b[32m\"text-error\"\u001b[39m\n                \u001b[36m>\u001b[39m\n                  \u001b[0m*\u001b[0m\n                \u001b[36m</span>\u001b[39m\n              \u001b[36m</label>\u001b[39m\n              \u001b[36m<div\u001b[39m\n                \u001b[33maria-label\u001b[39m=\u001b[32m\"表示形式の選択\"\u001b[39m\n                \u001b[33mclass\u001b[39m=\u001b[32m\"join bg-base-200 rounded-lg \"\u001b[39m\n                \u001b[33mrole\u001b[39m=\u001b[32m\"group\"\u001b[39m\n              \u001b[36m>\u001b[39m\n                \u001b[36m<button\u001b[39m\n                  \u001b[33maria-pressed\u001b[39m=\u001b[32m\"true\"\u001b[39m\n                  \u001b[33mclass\u001b[39m=\u001b[32m\"join-item btn btn-sm btn-active bg-primary text-primary-content font-medium\"\u001b[39m\n                  \u001b[33mtype\u001b[39m=\u001b[32m\"button\"\u001b[39m\n                \u001b[36m>\u001b[39m\n                  \u001b[36m<svg\u001b[39m\n                    \u001b[33mclass\u001b[39m=\u001b[32m\"h-4 w-4 mr-1\"\u001b[39m\n                    \u001b[33mfill\u001b[39m=\u001b[32m\"currentColor\"\u001b[39m\n                    \u001b[33mviewBox\u001b[39m=\u001b[32m\"0 0 20 20\"\u001b[39m\n                    \u001b[33mxmlns\u001b[39m=\u001b[32m\"http://www.w3.org/2000/svg\"\u001b[39m\n                  \u001b[36m>\u001b[39m\n                    \u001b[36m<path\u001b[39m\n                      \u001b[33md\u001b[39m=\u001b[32m\"M5 3a2 2 0 00-2 2v2a2 2 0 002 2h2a2 2 0 002-2V5a2 2 0 00-2-2H5zM5 11a2 2 0 00-2 2v2a2 2 0 002 2h2a2 2 0 002-2v-2a2 2 0 00-2-2H5zM11 5a2 2 0 012-2h2a2 2 0 012 2v2a2 2 0 01-2 2h-2a2 2 0 01-2-2V5zM11 13a2 2 0 012-2h2a2 2 0 012 2v2a2 2 0 01-2 2h-2a2 2 0 01-2-2v-2z\"\u001b[39m\n                    \u001b[36m/>\u001b[39m\n                  \u001b[36m</svg>\u001b[39m\n                  \u001b[0m表\u001b[0m\n                \u001b[36m</button>\u001b[39m\n                \u001b[36m<button\u001b[39m\n                  \u001b[33maria-pressed\u001b[39m=\u001b[32m\"false\"\u001b[39m\n                  \u001b[33mclass\u001b[39m=\u001b[32m\"join-item btn btn-sm text-base-content\"\u001b[39m\n                  \u001b[33mtype\u001b[39m=\u001b[32m\"button\"\u001b[39m\n                \u001b[36m>\u001b[39m\n                  \u001b[36m<svg\u001b[39m\n                    \u001b[33mclass\u001b[39m=\u001b[32m\"h-4 w-4 mr-1\"\u001b[39m\n                    \u001b[33mfill\u001b[39m=\u001b[32m\"currentColor\"\u001b[39m\n                    \u001b[33mviewBox\u001b[39m=\u001b[32m\"0 0 20 20\"\u001b[39m\n                    \u001b[33mxmlns\u001b[39m=\u001b[32m\"http://www.w3.org/2000/svg\"\u001b[39m\n                  \u001b[36m>\u001b[39m\n                    \u001b[36m<path\u001b[39m\n                      \u001b[33mclip-rule\u001b[39m=\u001b[32m\"evenodd\"\u001b[39m\n                      \u001b[33md\u001b[39m=\u001b[32m\"M3 4a1 1 0 011-1h12a1 1 0 110 2H4a1 1 0 01-1-1zm0 4a1 1 0 011-1h12a1 1 0 110 2H4a1 1 0 01-1-1zm0 4a1 1 0 011-1h12a1 1 0 110 2H4a1 1 0 01-1-1zm0 4a1 1 0 011-1h12a1 1 0 110 2H4a1 1 0 01-1-1z\"\u001b[39m\n                      \u001b[33mfill-rule\u001b[39m=\u001b[32m\"evenodd\"\u001b[39m\n                    \u001b[36m/>\u001b[39m\n                  \u001b[36m</svg>\u001b[39m\n                  \u001b[0m個別\u001b[0m\n                \u001b[36m</button>\u001b[39m\n                \u001b[36m<button\u001b[39m\n                  \u001b[33maria-pressed\u001b[39m=\u001b[32m\"false\"\u001b[39m\n                  \u001b[33mclass\u001b[39m=\u001b[32m\"join-item btn btn-sm text-base-content\"\u001b[39m\n                  \u001b[33mtype\u001b[39m=\u001b[32m\"button\"\u001b[39m\n                \u001b[36m>\u001b[39m\n                  \u001b[36m<svg\u001b[39m\n                    \u001b[33mclass\u001b[39m=\u001b[32m\"h-4 w-4 mr-1\"\u001b[39m\n                    \u001b[33mfill\u001b[39m=\u001b[32m\"currentColor\"\u001b[39m\n                    \u001b[33mviewBox\u001b[39m=\u001b[32m\"0 0 20 20\"\u001b[39m\n                    \u001b[33mxmlns\u001b[39m=\u001b[32m\"http://www.w3.org/2000/svg\"\u001b[39m\n                  \u001b[36m>\u001b[39m\n                    \u001b[36m<path\u001b[39m\n                      \u001b[33mclip-rule\u001b[39m=\u001b[32m\"evenodd\"\u001b[39m\n                      \u001b[33md\u001b[39m=\u001b[32m\"M5 4a3 3 0 00-3 3v6a3 3 0 003 3h10a3 3 0 003-3V7a3 3 0 00-3-3H5zm-1 9v-1h5v2H5a1 1 0 01-1-1zm7 1h4a1 1 0 001-1v-1h-5v2zm0-4h5V8h-5v2zM9 8H4v2h5V8z\"\u001b[39m\n                      \u001b[33mfill-rule\u001b[39m=\u001b[32m\"evenodd\"\u001b[39m\n                    \u001b[36m/>\u001b[39m\n                  \u001b[36m</svg>\u001b[39m\n                  \u001b[0mリスト\u001b[0m\n                \u001b[36m</button>\u001b[39m\n              \u001b[36m</div>\u001b[39m\n            \u001b[36m</div>\u001b[39m\n          \u001b[36m</div>\u001b[39m\n          \u001b[36m<div\u001b[39m\n            \u001b[33mclass\u001b[39m=\u001b[32m\"flex flex-col md:flex-row gap-3 mb-4\"\u001b[39m\n          \u001b[36m>\u001b[39m\n            \u001b[36m<div\u001b[39m\n              \u001b[33mclass\u001b[39m=\u001b[32m\"bg-info/10 p-2 text-xs text-info rounded-lg border border-info/20 flex items-center flex-grow \"\u001b[39m\n            \u001b[36m>\u001b[39m\n              \u001b[36m<svg\u001b[39m\n                \u001b[33mclass\u001b[39m=\u001b[32m\"stroke-info flex-shrink-0 w-4 h-4 mr-1\"\u001b[39m\n                \u001b[33mfill\u001b[39m=\u001b[32m\"none\"\u001b[39m\n                \u001b[33mviewBox\u001b[39m=\u001b[32m\"0 0 24 24\"\u001b[39m\n                \u001b[33mxmlns\u001b[39m=\u001b[32m\"http://www.w3.org/2000/svg\"\u001b[39m\n              \u001b[36m>\u001b[39m\n                \u001b[36m<path\u001b[39m\n                  \u001b[33md\u001b[39m=\u001b[32m\"M13 16h-1v-4h-1m-1-4h.01M21 12a9 9 0 11-18 0 9 9 0 0118 0z\"\u001b[39m\n                  \u001b[33mstroke-linecap\u001b[39m=\u001b[32m\"round\"\u001b[39m\n                  \u001b[33mstroke-linejoin\u001b[39m=\u001b[32m\"round\"\u001b[39m\n                  \u001b[33mstroke-width\u001b[39m=\u001b[32m\"2\"\u001b[39m\n                \u001b[36m/>\u001b[39m\n              \u001b[36m</svg>\u001b[39m\n              \u001b[36m<span>\u001b[39m\n                \u001b[0mセルをドラッグすると複数選択できます（タッチ操作も対応）\u001b[0m\n              \u001b[36m</span>\u001b[39m\n            \u001b[36m</div>\u001b[39m\n            \u001b[36m<button\u001b[39m\n              \u001b[33mclass\u001b[39m=\u001b[32m\"btn btn-sm btn-accent text-xs sm:text-sm font-medium flex-shrink-0\"\u001b[39m\n              \u001b[33mtype\u001b[39m=\u001b[32m\"button\"\u001b[39m\n            \u001b[36m>\u001b[39m\n              \u001b[36m<svg\u001b[39m\n                \u001b[33mclass\u001b[39m=\u001b[32m\"h-4 w-4 mr-1\"\u001b[39m\n                \u001b[33mfill\u001b[39m=\u001b[32m\"currentColor\"\u001b[39m\n                \u001b[33mviewBox\u001b[39m=\u001b[32m\"0 0 20 20\"\u001b[39m\n                \u001b[33mxmlns\u001b[39m=\u001b[32m\"http://www.w3.org/2000/svg\"\u001b[39m\n              \u001b[36m>\u001b[39m\n                \u001b[36m<path\u001b[39m\n                  \u001b[33mclip-rule\u001b[39m=\u001b[32m\"evenodd\"\u001b[39m\n                  \u001b[33md\u001b[39m=\u001b[32m\"M6 2a1 1 0 00-1 1v1H4a2 2 0 00-2 2v10a2 2 0 002 2h12a2 2 0 002-2V6a2 2 0 00-2-2h-1V3a1 1 0 10-2 0v1H7V3a1 1 0 00-1-1zm0 5a1 1 0 000 2h8a1 1 0 100-2H6z\"\u001b[39m\n                  \u001b[33mfill-rule\u001b[39m=\u001b[32m\"evenodd\"\u001b[39m\n                \u001b[36m/>\u001b[39m\n              \u001b[36m</svg>\u001b[39m\n              \u001b[0m曜日ごとの時間帯設定\u001b[0m\n            \u001b[36m</button>\u001b[39m\n          \u001b[36m</div>\u001b[39m\n          \u001b[36m<div\u001b[39m\n            \u001b[33mclass\u001b[39m=\u001b[32m\"overflow-x-auto select-none overscroll-contain table-container-mobile\"\u001b[39m\n          \u001b[36m>\u001b[39m\n            \u001b[36m<table\u001b[39m\n              \u001b[33mclass\u001b[39m=\u001b[32m\"table table-xs sm:table-sm table-fixed w-full border-collapse\"\u001b[39m\n            \u001b[36m>\u001b[39m\n              \u001b[36m<thead\u001b[39m\n                \u001b[33mclass\u001b[39m=\u001b[32m\"sticky top-0 z-20\"\u001b[39m\n              \u001b[36m>\u001b[39m\n                \u001b[36m<tr\u001b[39m\n                  \u001b[33mclass\u001b[39m=\u001b[32m\"bg-base-200\"\u001b[39m\n                \u001b[36m>\u001b[39m\n                  \u001b[36m<th\u001b[39m\n                    \u001b[33mclass\u001b[39m=\u001b[32m\"w-12 sm:w-24 px-1 py-1 sm:px-2 sm:py-3 text-center border border-base-300 sticky left-0 top-0 bg-base-200 z-30\"\u001b[39m\n                  \u001b[36m>\u001b[39m\n                    \u001b[36m<span\u001b[39m\n                      \u001b[33mclass\u001b[39m=\u001b[32m\"text-xs sm:text-sm\"\u001b[39m\n                    \u001b[36m>\u001b[39m\n                      \u001b[0m時間\u001b[0m\n                    \u001b[36m</span>\u001b[39m\n                  \u001b[36m</th>\u001b[39m\n                  \u001b[36m<th\u001b[39m\n                    \u001b[33mclass\u001b[39m=\u001b[32m\"px-1 py-1 sm:px-2 sm:py-3 text-center border border-base-300 heatmap-cell-mobile\"\u001b[39m\n                  \u001b[36m>\u001b[39m\n                    \u001b[36m<span\u001b[39m\n                      \u001b[33mclass\u001b[39m=\u001b[32m\"text-xs sm:text-sm whitespace-nowrap\"\u001b[39m\n                    \u001b[36m>\u001b[39m\n                      \u001b[0m5/10\u001b[0m\n                      \u001b[36m<br />\u001b[39m\n                      \u001b[36m<span\u001b[39m\n                        \u001b[33mclass\u001b[39m=\u001b[32m\"text-xs text-gray-500\"\u001b[39m\n                      \u001b[36m>\u001b[39m\n                        \u001b[0m(\u001b[0m\n                        \u001b[0m土)\u001b[0m\n                      \u001b[36m</span>\u001b[39m\n                    \u001b[36m</span>\u001b[39m\n                  \u001b[36m</th>\u001b[39m\n                  \u001b[36m<th\u001b[39m\n                    \u001b[33mclass\u001b[39m=\u001b[32m\"px-1 py-1 sm:px-2 sm:py-3 text-center border border-base-300 heatmap-cell-mobile\"\u001b[39m\n                  \u001b[36m>\u001b[39m\n                    \u001b[36m<span\u001b[39m\n                      \u001b[33mclass\u001b[39m=\u001b[32m\"text-xs sm:text-sm whitespace-nowrap\"\u001b[39m\n                    \u001b[36m>\u001b[39m\n                      \u001b[0m5/12\u001b[0m\n                      \u001b[36m<br />\u001b[39m\n                      \u001b[36m<span\u001b[39m\n                        \u001b[33mclass\u001b[39m=\u001b[32m\"text-xs text-gray-500\"\u001b[39m\n                      \u001b[36m>\u001b[39m\n                        \u001b[0m(\u001b[0m\n                        \u001b[0m月)\u001b[0m\n                      \u001b[36m</span>\u001b[39m\n                    \u001b[36m</span>\u001b[39m\n                  \u001b[36m</th>\u001b[39m\n                \u001b[36m</tr>\u001b[39m\n              \u001b[36m</thead>\u001b[39m\n              \u001b[36m<tbody>\u001b[39m\n                \u001b[36m<tr\u001b[39m\n                  \u001b[33mclass\u001b[39m=\u001b[32m\"hover\"\u001b[39m\n                \u001b[36m>\u001b[39m\n                  \u001b[36m<td\u001b[39m\n                    \u001b[33mclass\u001b[39m=\u001b[32m\"px-1 py-0 sm:px-2 sm:py-1 font-medium text-center whitespace-nowrap border border-base-300 bg-base-100 sticky left-0 z-10\"\u001b[39m\n                  \u001b[36m>\u001b[39m\n                    \u001b[36m<span\u001b[39m\n                      \u001b[33mclass\u001b[39m=\u001b[32m\"text-xs sm:text-sm\"\u001b[39m\n                    \u001b[36m>\u001b[39m\n                      \u001b[0m0:00\u001b[0m\n                    \u001b[36m</span>\u001b[39m\n                  \u001b[36m</td>\u001b[39m\n                  \u001b[36m<td\u001b[39m\n                    \u001b[33mclass\u001b[39m=\u001b[32m\"p-0 text-center border border-base-300\"\u001b[39m\n                  \u001b[36m>\u001b[39m\n                    \u001b[36m<div\u001b[39m\n                      \u001b[33mclass\u001b[39m=\u001b[32m\"w-full h-5 sm:h-6 md:h-8 rounded-none sm:rounded-sm flex items-center justify-center bg-gray-100 text-gray-400\"\u001b[39m\n                    \u001b[36m>\u001b[39m\n                      \u001b[36m<span\u001b[39m\n                        \u001b[33mclass\u001b[39m=\u001b[32m\"text-xs sm:text-sm\"\u001b[39m\n                      \u001b[36m>\u001b[39m\n                        \u001b[0mー\u001b[0m\n                      \u001b[36m</span>\u001b[39m\n                    \u001b[36m</div>\u001b[39m\n                  \u001b[36m</td>\u001b[39m\n                  \u001b[36m<td\u001b[39m\n                    \u001b[33mclass\u001b[39m=\u001b[32m\"p-0 text-center border border-base-300\"\u001b[39m\n                    \u001b[33mdata-date-id\u001b[39m=\u001b[32m\"date2\"\u001b[39m\n                  \u001b[36m>\u001b[39m\n                    \u001b[36m<div\u001b[39m\n                      \u001b[33mclass\u001b[39m=\u001b[32m\"w-full h-5 sm:h-6 md:h-8 rounded-none sm:rounded-sm flex items-center justify-center cursor-pointer transition-colors duration-200 ease-in-out bg-base-200 hover:bg-base-300 touch-manipulation\"\u001b[39m\n                      \u001b[33mdata-date-id\u001b[39m=\u001b[32m\"date2\"\u001b[39m\n                    \u001b[36m>\u001b[39m\n                      \u001b[36m<div\u001b[39m\n                        \u001b[33mclass\u001b[39m=\u001b[32m\"text-lg font-bold opacity-70 select-none inline-block\"\u001b[39m\n                      \u001b[36m>\u001b[39m\n                        \u001b[0m×\u001b[0m\n                      \u001b[36m</div>\u001b[39m\n                    \u001b[36m</div>\u001b[39m\n                  \u001b[36m</td>\u001b[39m\n                \u001b[36m</tr>\u001b[39m\n                \u001b[36m<tr\u001b[39m\n                  \u001b[33mclass\u001b[39m=\u001b[32m\"hover\"\u001b[39m\n                \u001b[36m>\u001b[39m\n                  \u001b[36m<td\u001b[39m\n                    \u001b[33mclass\u001b[39m=\u001b[32m\"px-1 py-0 sm:px-2 sm:py-1 font-medium text-center whitespace-nowrap border border-base-300 bg-base-100 sticky left-0 z-10\"\u001b[39m\n                  \u001b[36m>\u001b[39m\n                    \u001b[36m<span\u001b[39m\n                      \u001b[33mclass\u001b[39m=\u001b[32m\"text-xs sm:text-sm\"\u001b[39m\n                    \u001b[36m>\u001b[39m\n                      \u001b[0m19:00\u001b[0m\n                    \u001b[36m</span>\u001b[39m\n                  \u001b[36m</td>\u001b[39m\n                  \u001b[36m<td\u001b[39m\n                    \u001b[33mclass\u001b[39m=\u001b[32m\"p-0 text-center border border-base-300\"\u001b[39m\n                    \u001b[33mdata-date-id\u001b[39m=\u001b[32m\"date1\"\u001b[39m\n                  \u001b[36m>\u001b[39m\n                    \u001b[36m<div\u001b[39m\n                      \u001b[33mclass\u001b[39m=\u001b[32m\"w-full h-5 sm:h-6 md:h-8 rounded-none sm:rounded-sm flex items-center justify-center cursor-pointer transition-colors duration-200 ease-in-out bg-base-200 hover:bg-base-300 touch-manipulation\"\u001b[39m\n                      \u001b[33mdata-date-id\u001b[39m=\u001b[32m\"date1\"\u001b[39m\n                    \u001b[36m>\u001b[39m\n                      \u001b[36m<div\u001b[39m\n                        \u001b[33mclass\u001b[39m=\u001b[32m\"text-lg font-bold opacity-70 select-none inline-block\"\u001b[39m\n                      \u001b[36m>\u001b[39m\n                        \u001b[0m×\u001b[0m\n                      \u001b[36m</div>\u001b[39m\n                    \u001b[36m</div>\u001b[39m\n                  \u001b[36m</td>\u001b[39m\n                  \u001b[36m<td\u001b[39m\n                    \u001b[33mclass\u001b[39m=\u001b[32m\"p-0 text-center border border-base-300\"\u001b[39m\n                  \u001b[36m>\u001b[39m\n                    \u001b[36m<div\u001b[39m\n                      \u001b[33mclass\u001b[39m=\u001b[32m\"w-full h-5 sm:h-6 md:h-8 rounded-none sm:rounded-sm flex items-center justify-center bg-gray-100 text-gray-400\"\u001b[39m\n                    \u001b[36m>\u001b[39m\n                      \u001b[36m<span\u001b[39m\n                        \u001b[33mclass\u001b[39m=\u001b[32m\"text-xs sm:text-sm\"\u001b[39m\n                      \u001b[36m>\u001b[39m\n                        \u001b[0mー\u001b[0m\n                      \u001b[36m</span>\u001b[39m\n                    \u001b[36m</div>\u001b[39m\n                  \u001b[36m</td>\u001b[39m\n                \u001b[36m</tr>\u001b[39m\n              \u001b[36m</tbody>\u001b[39m\n            \u001b[36m</table>\u001b[39m\n          \u001b[36m</div>\u001b[39m\n        \u001b[36m</div>\u001b[39m\n        \u001b[36m<div\u001b[39m\n          \u001b[33mclass\u001b[39m=\u001b[32m\"pt-4 flex flex-wrap gap-2 \"\u001b[39m\n        \u001b[36m>\u001b[39m\n          \u001b[36m<div\u001b[39m\n            \u001b[33mclass\u001b[39m=\u001b[32m\"form-control my-4\"\u001b[39m\n          \u001b[36m>\u001b[39m\n            \u001b[36m<label\u001b[39m\n              \u001b[33mclass\u001b[39m=\u001b[32m\"label cursor-pointer justify-start gap-2\"\u001b[39m\n            \u001b[36m>\u001b[39m\n              \u001b[36m<input\u001b[39m\n                \u001b[33mclass\u001b[39m=\u001b[32m\"checkbox checkbox-primary\"\u001b[39m\n                \u001b[33mid\u001b[39m=\u001b[32m\"availability-form-terms\"\u001b[39m\n                \u001b[33mrequired\u001b[39m=\u001b[32m\"\"\u001b[39m\n                \u001b[33mtype\u001b[39m=\u001b[32m\"checkbox\"\u001b[39m\n              \u001b[36m/>\u001b[39m\n              \u001b[36m<span\u001b[39m\n                \u001b[33mclass\u001b[39m=\u001b[32m\"label-text\"\u001b[39m\n              \u001b[36m>\u001b[39m\n                \u001b[36m<a\u001b[39m\n                  \u001b[33mclass\u001b[39m=\u001b[32m\"link link-primary\"\u001b[39m\n                  \u001b[33mhref\u001b[39m=\u001b[32m\"/terms\"\u001b[39m\n                  \u001b[33mrel\u001b[39m=\u001b[32m\"noopener noreferrer\"\u001b[39m\n                  \u001b[33mtarget\u001b[39m=\u001b[32m\"_blank\"\u001b[39m\n                \u001b[36m>\u001b[39m\n                  \u001b[0m利用規約\u001b[0m\n                \u001b[36m</a>\u001b[39m\n                \u001b[0mを読み、同意します\u001b[0m\n              \u001b[36m</span>\u001b[39m\n            \u001b[36m</label>\u001b[39m\n          \u001b[36m</div>\u001b[39m\n          \u001b[36m<button\u001b[39m\n            \u001b[33mclass\u001b[39m=\u001b[32m\"btn btn-primary w-full md:w-auto \"\u001b[39m\n            \u001b[33mtype\u001b[39m=\u001b[32m\"submit\"\u001b[39m\n          \u001b[36m>\u001b[39m\n            \u001b[0m回答を送信\u001b[0m\n          \u001b[36m</button>\u001b[39m\n          \u001b[36m<a\u001b[39m\n            \u001b[33mclass\u001b[39m=\u001b[32m\"btn btn-outline w-full md:w-auto \"\u001b[39m\n            \u001b[33mhref\u001b[39m=\u001b[32m\"/event/token1\"\u001b[39m\n          \u001b[36m>\u001b[39m\n            \u001b[0mキャンセル\u001b[0m\n          \u001b[36m</a>\u001b[39m\n        \u001b[36m</div>\u001b[39m\n      \u001b[36m</form>\u001b[39m\n    \u001b[36m</div>\u001b[39m\n  \u001b[36m</div>\u001b[39m\n\u001b[36m</body>\u001b[39m\n    at waitForWrapper (/home/takemasa32/programs/multi-schedule-app/node_modules/@testing-library/dom/dist/wait-for.js:163:27)\n    at /home/takemasa32/programs/multi-schedule-app/node_modules/@testing-library/dom/dist/query-helpers.js:86:33\n    at Object.findByRole (/home/takemasa32/programs/multi-schedule-app/src/components/__tests__/availability-form.test.tsx:55:32)\n    at Promise.then.completed (/home/takemasa32/programs/multi-schedule-app/node_modules/jest-circus/build/utils.js:298:28)\n    at new Promise (<anonymous>)\n    at callAsyncCircusFn (/home/takemasa32/programs/multi-schedule-app/node_modules/jest-circus/build/utils.js:231:10)\n    at _callCircusTest (/home/takemasa32/programs/multi-schedule-app/node_modules/jest-circus/build/run.js:316:40)\n    at processTicksAndRejections (node:internal/process/task_queues:105:5)\n    at _runTest (/home/takemasa32/programs/multi-schedule-app/node_modules/jest-circus/build/run.js:252:3)\n    at _runTestsForDescribeBlock (/home/takemasa32/programs/multi-schedule-app/node_modules/jest-circus/build/run.js:126:9)\n    at _runTestsForDescribeBlock (/home/takemasa32/programs/multi-schedule-app/node_modules/jest-circus/build/run.js:121:9)\n    at run (/home/takemasa32/programs/multi-schedule-app/node_modules/jest-circus/build/run.js:71:3)\n    at runAndTransformResultsToJestFormat (/home/takemasa32/programs/multi-schedule-app/node_modules/jest-circus/build/legacy-code-todo-rewrite/jestAdapterInit.js:122:21)\n    at jestAdapter (/home/takemasa32/programs/multi-schedule-app/node_modules/jest-circus/build/legacy-code-todo-rewrite/jestAdapter.js:79:19)\n    at runTestInternal (/home/takemasa32/programs/multi-schedule-app/node_modules/jest-runner/build/runTest.js:367:16)\n    at runTest (/home/takemasa32/programs/multi-schedule-app/node_modules/jest-runner/build/runTest.js:444:34)\n    at Object.worker (/home/takemasa32/programs/multi-schedule-app/node_modules/jest-runner/build/testWorker.js:106:12)"],"fullName":"AvailabilityForm 名前未入力時はバリデーションエラーを表示する","invocations":1,"location":null,"numPassingAsserts":0,"retryReasons":[],"status":"failed","title":"名前未入力時はバリデーションエラーを表示する"},{"ancestorTitles":["AvailabilityForm"],"duration":1075,"failureDetails":[{"name":"TestingLibraryElementError"}],"failureMessages":["Error: Unable to find role=\"alert\"\n\nIgnored nodes: comments, script, style\n\u001b[36m<body>\u001b[39m\n  \u001b[36m<div>\u001b[39m\n    \u001b[36m<div\u001b[39m\n      \u001b[33mclass\u001b[39m=\u001b[32m\"mb-8 p-6 bg-base-100 border rounded-lg shadow-sm transition-all animate-fadeIn\"\u001b[39m\n    \u001b[36m>\u001b[39m\n      \u001b[36m<h2\u001b[39m\n        \u001b[33mclass\u001b[39m=\u001b[32m\"text-xl font-bold mb-4\"\u001b[39m\n      \u001b[36
[...]
9m=\u001b[32m\"description-hint\"\u001b[39m\n            \u001b[36m>\u001b[39m\n              \u001b[0m（任意）イベントの詳細や参加者へのメッセージを記入できます\u001b[0m\n            \u001b[36m</p>\u001b[39m\n          \u001b[36m</div>\u001b[39m\n          \u001b[36m<div\u001b[39m\n            \u001b[33mclass\u001b[39m=\u001b[32m\"card bg-base-100 shadow-sm border border-base-300 p-4\"\u001b[39m\n          \u001b[36m>\u001b[39m\n            \u001b[36m<h3\u001b[39m\n              \u001b[33mclass\u001b[39m=\u001b[32m\"card-title text-lg mb-4\"\u001b[39m\n            \u001b[36m>\u001b[39m\n              \u001b[0m候補日程の設定\u001b[0m\n            \u001b[36m</h3>\u001b[39m\n            \u001b[36m<div\u001b[39m\n              \u001b[33mclass\u001b[39m=\u001b[32m\"space-y-6\"\u001b[39m\n            \u001b[36m>\u001b[39m\n              \u001b[36m<div\u001b[39m\n                \u001b[33mclass\u001b[39m=\u001b[32m\"grid md:grid-cols-2 gap-4\"\u001b[39m\n              \u001b[36m>\u001b[39m\n                \u001b[36m<label\u001b[39m\n                  \u001b[33mclass\u001b[39m=\u001b[32m\"form-control w-full\"\u001b[39m\n                \u001b[36m>\u001b[39m\n                  \u001b[36m<span\u001b[39m\n                    \u001b[33mclass\u001b[39m=\u001b[32m\"label-text font-semibold flex items-center gap-1\"\u001b[39m\n                  \u001b[36m>\u001b[39m\n                    \u001b[0m開始日\u001b[0m\n                    \u001b[36m<span\u001b[39m\n                      \u001b[33mclass\u001b[39m=\u001b[32m\"tooltip tooltip-bottom\"\u001b[39m\n                      \u001b[33mdata-tip\u001b[39m=\u001b[32m\"イベント期間の開始日\"\u001b[39m\n                    \u001b[36m>\u001b[39m\n                      \u001b[36m<button\u001b[39m\n                        \u001b[33mclass\u001b[39m=\u001b[32m\"btn btn-xs btn-circle btn-ghost p-0 min-h-0 h-5 w-5\"\u001b[39m\n                        \u001b[33mtabindex\u001b[39m=\u001b[32m\"-1\"\u001b[39m\n                        \u001b[33mtype\u001b[39m=\u001b[32m\"button\"\u001b[39m\n                      \u001b[36m>\u001b[39m\n                        \u001b[0m?\u001b[0m\n                      \u001b[36m</button>\u001b[39m\n                    \u001b[36m</span>\u001b[39m\n                  \u001b[36m</span>\u001b[39m\n                  \u001b[36m<input\u001b[39m\n                    \u001b[33mclass\u001b[39m=\u001b[32m\"input input-bordered w-full mt-1\"\u001b[39m\n                    \u001b[33mtype\u001b[39m=\u001b[32m\"date\"\u001b[39m\n                    \u001b[33mvalue\u001b[39m=\u001b[32m\"\"\u001b[39m\n                  \u001b[36m/>\u001b[39m\n                \u001b[36m</label>\u001b[39m\n                \u001b[36m<label\u001b[39m\n                  \u001b[33mclass\u001b[39m=\u001b[32m\"form-control w-full\"\u001b[39m\n                \u001b[36m>\u001b[39m\n                  \u001b[36m<span\u001b[39m\n                    \u001b[33mclass\u001b[39m=\u001b[32m\"label-text font-semibold flex items-center gap-1\"\u001b[39m\n                  \u001b[36m>\u001b[39m\n                    \u001b[0m終了日\u001b[0m\n                    \u001b[36m<span\u001b[39m\n                      \u001b[33mclass\u001b[39m=\u001b[32m\"tooltip tooltip-bottom\"\u001b[39m\n                      \u001b[33mdata-tip\u001b[39m=\u001b[32m\"イベント期間の終了日\"\u001b[39m\n                    \u001b[36m>\u001b[39m\n                      \u001b[36m<button\u001b[39m\n                        \u001b[33mclass\u001b[39m=\u001b[32m\"btn btn-xs btn-circle btn-ghost p-0 min-h-0 h-5 w-5\"\u001b[39m\n                        \u001b[33mtabindex\u001b[39m=\u001b[32m\"-1\"\u001b[39m\n                        \u001b[33mtype\u001b[39m=\u001b[32m\"button\"\u001b[39m\n                      \u001b[36m>\u001b[39m\n                        \u001b[0m?\u001b[0m\n                      \u001b[36m</button>\u001b[39m\n                    \u001b[36m</span>\u001b[39m\n                  \u001b[36m</span>\u001b[39m\n                  \u001b[36m<input\u001b[39m\n                    \u001b[33mclass\u001b[39m=\u001b[32m\"input input-bordered w-full mt-1\"\u001b[39m\n                    \u001b[33mtype\u001b[39m=\u001b[32m\"date\"\u001b[39m\n                    \u001b[33mvalue\u001b[39m=\u001b[32m\"\"\u001b[39m\n                  \u001b[36m/>\u001b[39m\n                \u001b[36m</label>\u001b[39m\n              \u001b[36m</div>\u001b[39m\n              \u001b[36m<div\u001b[39m\n                \u001b[33mclass\u001b[39m=\u001b[32m\"card bg-base-100 shadow border border-base-200\"\u001b[39m\n              \u001b[36m>\u001b[39m\n                \u001b[36m<div\u001b[39m\n                  \u001b[33mclass\u001b[39m=\u001b[32m\"card-body p-4\"\u001b[39m\n                \u001b[36m>\u001b[39m\n                  \u001b[36m<h3\u001b[39m\n                    \u001b[33mclass\u001b[39m=\u001b[32m\"card-title text-base font-bold mb-2 flex items-center gap-1\"\u001b[39m\n                  \u001b[36m>\u001b[39m\n                    \u001b[0m除外日の設定\u001b[0m\n                    \u001b[36m<span\u001b[39m\n                      \u001b[33mclass\u001b[39m=\u001b[32m\"tooltip tooltip-bottom\"\u001b[39m\n                      \u001b[33mdata-tip\u001b[39m=\u001b[32m\"候補から外したい日付を指定できます\"\u001b[39m\n                    \u001b[36m>\u001b[39m\n                      \u001b[36m<button\u001b[39m\n                        \u001b[33mclass\u001b[39m=\u001b[32m\"btn btn-xs btn-circle btn-ghost p-0 min-h-0 h-5 w-5\"\u001b[39m\n                        \u001b[33mtabindex\u001b[39m=\u001b[32m\"-1\"\u001b[39m\n                        \u001b[33mtype\u001b[39m=\u001b[32m\"button\"\u001b[39m\n                      \u001b[36m>\u001b[39m\n                        \u001b[0m?\u001b[0m\n                      \u001b[36m</button>\u001b[39m\n                    \u001b[36m</span>\u001b[39m\n                  \u001b[36m</h3>\u001b[39m\n                  \u001b[36m<div\u001b[39m\n                    \u001b[33mclass\u001b[39m=\u001b[32m\"flex flex-col gap-2\"\u001b[39m\n                  \u001b[36m>\u001b[39m\n                    \u001b[36m<div\u001b[39m\n                      \u001b[33mclass\u001b[39m=\u001b[32m\"flex gap-2\"\u001b[39m\n                    \u001b[36m>\u001b[39m\n                      \u001b[36m<input\u001b[39m\n                        \u001b[33mclass\u001b[39m=\u001b[32m\"input input-bordered flex-grow\"\u001b[39m\n                        \u001b[33mtype\u001b[39m=\u001b[32m\"date\"\u001b[39m\n                        \u001b[33mvalue\u001b[39m=\u001b[32m\"\"\u001b[39m\n                      \u001b[36m/>\u001b[39m\n                      \u001b[36m<button\u001b[39m\n                        \u001b[33mclass\u001b[39m=\u001b[32m\"btn btn-outline btn-primary\"\u001b[39m\n                        \u001b[33mtype\u001b[39m=\u001b[32m\"button\"\u001b[39m\n                      \u001b[36m>\u001b[39m\n                        \u001b[0m追加\u001b[0m\n                      \u001b[36m</button>\u001b[39m\n                    \u001b[36m</div>\u001b[39m\n                  \u001b[36m</div>\u001b[39m\n                \u001b[36m</div>\u001b[39m\n              \u001b[36m</div>\u001b[39m\n              \u001b[36m<div\u001b[39m\n                \u001b[33mclass\u001b[39m=\u001b[32m\"card bg-base-100 shadow border border-base-200\"\u001b[39m\n              \u001b[36m>\u001b[39m\n                \u001b[36m<div\u001b[39m\n                  \u001b[33mclass\u001b[39m=\u001b[32m\"card-body p-4\"\u001b[39m\n                \u001b[36m>\u001b[39m\n                  \u001b[36m<h3\u001b[39m\n                    \u001b[33mclass\u001b[39m=\u001b[32m\"card-title text-base font-bold mb-2\"\u001b[39m\n                  \u001b[36m>\u001b[39m\n                    \u001b[0m時間枠の設定\u001b[0m\n                  \u001b[36m</h3>\u001b[39m\n                  \u001b[36m<div\u001b[39m\n                    \u001b[33mclass\u001b[39m=\u001b[32m\"grid md:grid-cols-2 gap-4 mb-4\"\u001b[39m\n                  \u001b[36m>\u001b[39m\n                    \u001b[36m<label\u001b[39m\n                      \u001b[33mclass\u001b[39m=\u001b[32m\"form-control w-full\"\u001b[39m\n                    \u001b[36m>\u001b[39m\n                      \u001b[36m<span\u001b[39m\n                        \u001b[33mclass\u001b[39m=\u001b[32m\"label-text flex items-center gap-1\"\u001b[39m\n                      \u001b[36m>\u001b[39m\n                        \u001b[0mデフォルト開始時間\u001b[0m\n                        \u001b[36m<span\u001b[39m\n                          \u001b[33mclass\u001b[39m=\u001b[32m\"tooltip tooltip-bottom\"\u001b[39m\n                          \u001b[33mdata-tip\u001b[39m=\u001b[32m\"各日の開始範囲時間を設定します\"\u001b[39m\n                        \u001b[36m>\u001b[39m\n                          \u001b[36m<button\u001b[39m\n                            \u001b[33mclass\u001b[39m=\u001b[32m\"btn btn-xs btn-circle btn-ghost p-0 min-h-0 h-5 w-5\"\u001b[39m\n                            \u001b[33mtabindex\u001b[39m=\u001b[32m\"-1\"\u001b[39m\n                            \u001b[33mtype\u001b[39m=\u001b[32m\"button\"\u001b[39m\n                          \u001b[36m>\u001b[39m\n                            \u001b[0m?\u001b[0m\n                          \u001b[36m</button>\u001b[39m\n                        \u001b[36m</span>\u001b[39m\n                      \u001b[36m</span>\u001b[39m\n                      \u001b[36m<input\u001b[39m\n                        \u001b[33mclass\u001b[39m=\u001b[32m\"input input-bordered w-full mt-1\"\u001b[39m\n                        \u001b[33mtype\u001b[39m=\u001b[32m\"time\"\u001b[39m\n                        \u001b[33mvalue\u001b[39m=\u001b[32m\"00:00\"\u001b[39m\n                      \u001b[36m/>\u001b[39m\n                    \u001b[36m</label>\u001b[39m\n                    \u001b[36m<label\u001b[39m\n                      \u001b[33mclass\u001b[39m=\u001b[32m\"form-control w-full\"\u001b[39m\n                    \u001b[36m>\u001b[39m\n                      \u001b[36m<span\u001b[39m\n                        \u001b[33mclass\u001b[39m=\u001b[32m\"label-text flex items-center gap-1\"\u001b[39m\n                      \u001b[36m>\u001b[39m\n                        \u001b[0mデフォルト終了時間\u001b[0m\n                        \u001b[36m<span\u001b[39m\n                          \u001b[33mclass\u001b[39m=\u001b[32m\"tooltip tooltip-bottom\"\u001b[39m\n                          \u001b[33mdata-tip\u001b[39m=\u001b[32m\"各日の終了範囲時間を設定します\"\u001b[39m\n                        \u001b[36m>\u001b[39m\n                          \u001b[36m<button\u001b[39m\n                            \u001b[33mclass\u001b[39m=\u001b[32m\"btn btn-xs btn-circle btn-ghost p-0 min-h-0 h-5 w-5\"\u001b[39m\n                            \u001b[33mtabindex\u001b[39m=\u001b[32m\"-1\"\u001b[39m\n                            \u001b[33mtype\u001b[39m=\u001b[32m\"button\"\u001b[39m\n                          \u001b[36m>\u001b[39m\n                            \u001b[0m?\u001b[0m\n                          \u001b[36m</button>\u001b[39m\n                        \u001b[36m</span>\u001b[39m\n                      \u001b[36m</span>\u001b[39m\n                      \u001b[36m<input\u001b[39m\n                        \u001b[33mclass\u001b[39m=\u001b[32m\"input input-bordered w-full mt-1\"\u001b[39m\n                        \u001b[33mtype\u001b[39m=\u001b[32m\"time\"\u001b[39m\n                        \u001b[33mvalue\u001b[39m=\u001b[32m\"00:00\"\u001b[39m\n                      \u001b[36m/>\u001b[39m\n                      \u001b[36m<span\u001b[39m\n                        \u001b[33mclass\u001b[39m=\u001b[32m\"label-text-alt text-info mt-1\"\u001b[39m\n                      \u001b[36m>\u001b[39m\n                        \u001b[0m00:00は翌日0:00として扱われます\u001b[0m\n                      \u001b[36m</span>\u001b[39m\n                    \u001b[36m</label>\u001b[39m\n                  \u001b[36m</div>\u001b[39m\n                  \u001b[36m<div\u001b[39m\n                    \u001b[33mclass\u001b[39m=\u001b[32m\"flex flex-col md:flex-row gap-4 items-end\"\u001b[39m\n                  \u001b[36m>\u001b[39m\n                    \u001b[36m<label\u001b[39m\n                      \u001b[33mclass\u001b[39m=\u001b[32m\"form-control w-full\"\u001b[39m\n                    \u001b[36m>\u001b[39m\n                      \u001b[36m<span\u001b[39m\n                        \u001b[33mclass\u001b[39m=\u001b[32m\"label-text flex items-center gap-1\"\u001b[39m\n                      \u001b[36m>\u001b[39m\n                        \u001b[0m時間枠の間隔\u001b[0m\n                        \u001b[36m<span\u001b[39m\n                          \u001b[33mclass\u001b[39m=\u001b[32m\"tooltip tooltip-bottom\"\u001b[39m\n                          \u001b[33mdata-tip\u001b[39m=\u001b[32m\"1枠あたりの時間の長さを選択してください\"\u001b[39m\n                        \u001b[36m>\u001b[39m\n                          \u001b[36m<button\u001b[39m\n                            \u001b[33mclass\u001b[39m=\u001b[32m\"btn btn-xs btn-circle btn-ghost p-0 min-h-0 h-5 w-5\"\u001b[39m\n                            \u001b[33mtabindex\u001b[39m=\u001b[32m\"-1\"\u001b[39m\n                            \u001b[33mtype\u001b[39m=\u001b[32m\"button\"\u001b[39m\n                          \u001b[36m>\u001b[39m\n                            \u001b[0m?\u001b[0m\n                          \u001b[36m</button>\u001b[39m\n                        \u001b[36m</span>\u001b[39m\n                      \u001b[36m</span>\u001b[39m\n                      \u001b[36m<select\u001b[39m\n                        \u001b[33mclass\u001b[39m=\u001b[32m\"select select-bordered w-full bg-base-100 text-base-content mt-1\"\u001b[39m\n                      \u001b[36m>\u001b[39m\n                        \u001b[36m<option\u001b[39m\n                          \u001b[33mvalue\u001b[39m=\u001b[32m\"15\"\u001b[39m\n                        \u001b[36m>\u001b[39m\n                          \u001b[0m15分\u001b[0m\n                        \u001b[36m</option>\u001b[39m\n                        \u001b[36m<option\u001b[39m\n                          \u001b[33mvalue\u001b[39m=\u001b[32m\"30\"\u001b[39m\n                        \u001b[36m>\u001b[39m\n                          \u001b[0m30分\u001b[0m\n                        \u001b[36m</option>\u001b[39m\n                        \u001b[36m<option\u001b[39m\n                          \u001b[33mvalue\u001b[39m=\u001b[32m\"60\"\u001b[39m\n                        \u001b[36m>\u001b[39m\n                          \u001b[0m1時間\u001b[0m\n                        \u001b[36m</option>\u001b[39m\n                        \u001b[36m<option\u001b[39m\n                          \u001b[33mvalue\u001b[39m=\u001b[32m\"120\"\u001b[39m\n                        \u001b[36m>\u001b[39m\n                          \u001b[0m2時間\u001b[0m\n                        \u001b[36m</option>\u001b[39m\n                        \u001b[36m<option\u001b[39m\n                          \u001b[33mvalue\u001b[39m=\u001b[32m\"180\"\u001b[39m\n                        \u001b[36m>\u001b[39m\n                          \u001b[0m3時間\u001b[0m\n                        \u001b[36m</option>\u001b[39m\n                        \u001b[36m<option\u001b[39m\n                          \u001b[33mvalue\u001b[39m=\u001b[32m\"360\"\u001b[39m\n                        \u001b[36m>\u001b[39m\n                          \u001b[0m6時間\u001b[0m\n                        \u001b[36m</option>\u001b[39m\n                        \u001b[36m<option\u001b[39m\n                          \u001b[33mvalue\u001b[39m=\u001b[32m\"720\"\u001b[39m\n                        \u001b[36m>\u001b[39m\n                          \u001b[0m12時間\u001b[0m\n                        \u001b[36m</option>\u001b[39m\n                      \u001b[36m</select>\u001b[39m\n                    \u001b[36m</label>\u001b[39m\n                  \u001b[36m</div>\u001b[39m\n                \u001b[36m</div>\u001b[39m\n              \u001b[36m</div>\u001b[39m\n            \u001b[36m</div>\u001b[39m\n            \u001b[36m<p\u001b[39m\n              \u001b[33mclass\u001b[39m=\u001b[32m\"text-xs text-gray-500 mt-2\"\u001b[39m\n            \u001b[36m>\u001b[39m\n              \u001b[0m日付と時間帯を選択し、複数の候補枠を追加できます。最低1つ以上の時間枠を設定してください。\u001b[0m\n            \u001b[36m</p>\u001b[39m\n          \u001b[36m</div>\u001b[39m\n          \u001b[36m<div\u001b[39m\n            \u001b[33mclass\u001b[39m=\u001b[32m\"form-control my-4\"\u001b[39m\n          \u001b[36m>\u001b[39m\n            \u001b[36m<label\u001b[39m\n              \u001b[33mclass\u001b[39m=\u001b[32m\"label cursor-pointer justify-start gap-2\"\u001b[39m\n            \u001b[36m>\u001b[39m\n              \u001b[36m<input\u001b[39m\n                \u001b[33mclass\u001b[39m=\u001b[32m\"checkbox checkbox-primary\"\u001b[39m\n                \u001b[33mid\u001b[39m=\u001b[32m\"event-form-terms\"\u001b[39m\n                \u001b[33mrequired\u001b[39m=\u001b[32m\"\"\u001b[39m\n                \u001b[33mtype\u001b[39m=\u001b[32m\"checkbox\"\u001b[39m\n              \u001b[36m/>\u001b[39m\n              \u001b[36m<span\u001b[39m\n                \u001b[33mclass\u001b[39m=\u001b[32m\"label-text\"\u001b[39m\n              \u001b[36m>\u001b[39m\n                \u001b[36m<a\u001b[39m\n                  \u001b[33mclass\u001b[39m=\u001b[32m\"link link-primary\"\u001b[39m\n                  \u001b[33mhref\u001b[39m=\u001b[32m\"/terms\"\u001b[39m\n                  \u001b[33mrel\u001b[39m=\u001b[32m\"noopener noreferrer\"\u001b[39m\n                  \u001b[33mtarget\u001b[39m=\u001b[32m\"_blank\"\u001b[39m\n                \u001b[36m>\u001b[39m\n                  \u001b[0m利用規約\u001b[0m\n                \u001b[36m</a>\u001b[39m\n                \u001b[0mを読み、同意します\u001b[0m\n              \u001b[36m</span>\u001b[39m\n            \u001b[36m</label>\u001b[39m\n          \u001b[36m</div>\u001b[39m\n          \u001b[36m<div\u001b[39m\n            \u001b[33mclass\u001b[39m=\u001b[32m\"flex justify-end mt-8\"\u001b[39m\n          \u001b[36m>\u001b[39m\n            \u001b[36m<button\u001b[39m\n              \u001b[33mclass\u001b[39m=\u001b[32m\"btn btn-primary btn-lg \"\u001b[39m\n              \u001b[33mtype\u001b[39m=\u001b[32m\"submit\"\u001b[39m\n            \u001b[36m>\u001b[39m\n              \u001b[0mイベントを作成\u001b[0m\n            \u001b[36m</button>\u001b[39m\n          \u001b[36m</div>\u001b[39m\n        \u001b[36m</form>\u001b[39m\n      \u001b[36m</div>\u001b[39m\n    \u001b[36m</body>\u001b[39m\n\u001b[2m\u001b[22m\n\u001b[2m    \u001b[0m \u001b[90m  96 |\u001b[39m     \u001b[90m// 日程追加は省略\u001b[39m\u001b[22m\n\u001b[2m     \u001b[90m  97 |\u001b[39m     fireEvent\u001b[33m.\u001b[39mclick(screen\u001b[33m.\u001b[39mgetByRole(\u001b[32m\"button\"\u001b[39m\u001b[33m,\u001b[39m { name\u001b[33m:\u001b[39m \u001b[35m/イベントを作成/\u001b[39m }))\u001b[33m;\u001b[39m\u001b[22m\n\u001b[2m    \u001b[31m\u001b[1m>\u001b[22m\u001b[2m\u001b[39m\u001b[90m  98 |\u001b[39m     expect(\u001b[36mawait\u001b[39m screen\u001b[33m.\u001b[39mfindByText(\u001b[35m/サーバーエラー/\u001b[39m))\u001b[33m.\u001b[39mtoBeInTheDocument()\u001b[33m;\u001b[39m\u001b[22m\n\u001b[2m     \u001b[90m     |\u001b[39m                         \u001b[31m\u001b[1m^\u001b[22m\u001b[2m\u001b[39m\u001b[22m\n\u001b[2m     \u001b[90m  99 |\u001b[39m   })\u001b[33m;\u001b[39m\u001b[22m\n\u001b[2m     \u001b[90m 100 |\u001b[39m })\u001b[33m;\u001b[39m\u001b[22m\n\u001b[2m     \u001b[90m 101 |\u001b[39m\u001b[0m\u001b[22m\n\u001b[2m\u001b[22m\n\u001b[2m      \u001b[2mat waitForWrapper (\u001b[22m\u001b[2mnode_modules/@testing-library/dom/dist/wait-for.js\u001b[2m:163:27)\u001b[22m\u001b[2m\u001b[22m\n\u001b[2m      \u001b[2mat \u001b[22m\u001b[2mnode_modules/@testing-library/dom/dist/query-helpers.js\u001b[2m:86:33\u001b[22m\u001b[2m\u001b[22m\n\u001b[2m      \u001b[2mat Object.findByText (\u001b[22m\u001b[2m\u001b[0m\u001b[36msrc/components/__tests__/event-form.test.tsx\u001b[39m\u001b[0m\u001b[2m:98:25)\u001b[22m\u001b[2m\u001b[22m\n","name":"/home/takemasa32/programs/multi-schedule-app/src/components/__tests__/event-form.test.tsx","startTime":1746770487050,"status":"failed","summary":""}],"wasInterrupted":false}
